\BOOKMARK [0][-]{chapter.1}{\376\377\0001\000\040\000I\000n\000t\000r\000o\000d\000u\000c\000t\000i\000o\000n}{}% 1
\BOOKMARK [1][-]{section.1.1}{\376\377\0001\000.\0001\000\040\000C\000o\000r\000o\000n\000a\000r\000y\000\040\000a\000r\000t\000e\000r\000y\000\040\000d\000i\000s\000e\000a\000s\000e}{chapter.1}% 2
\BOOKMARK [1][-]{section.1.2}{\376\377\0001\000.\0002\000\040\000G\000W\000A\000S}{chapter.1}% 3
\BOOKMARK [1][-]{section.1.3}{\376\377\0001\000.\0003\000\040\000M\000u\000s\000c\000l\000e\000\040\000C\000e\000l\000l\000s\000\040\000i\000n\000\040\000C\000A\000D}{chapter.1}% 4
\BOOKMARK [1][-]{section.1.4}{\376\377\0001\000.\0004\000\040\000P\000D\000G\000F\000\040\000S\000i\000g\000n\000a\000l\000i\000n\000g\000\040\000a\000n\000d\000\040\000O\000x\000i\000d\000a\000t\000i\000v\000e\000\040\000S\000t\000r\000e\000s\000s}{chapter.1}% 5
\BOOKMARK [1][-]{section.1.5}{\376\377\0001\000.\0005\000\040\000A\000i\000m\000\040\000o\000f\000\040\000t\000h\000e\000\040\000t\000h\000e\000s\000i\000s}{chapter.1}% 6
\BOOKMARK [0][-]{chapter.2}{\376\377\0002\000\040\000M\000a\000t\000e\000r\000i\000a\000l}{}% 7
\BOOKMARK [1][-]{section.2.1}{\376\377\0002\000.\0001\000\040\000M\000a\000n\000u\000f\000a\000c\000t\000o\000r\000s}{chapter.2}% 8
\BOOKMARK [1][-]{section.2.2}{\376\377\0002\000.\0002\000\040\000A\000n\000t\000i\000b\000o\000d\000i\000e\000s}{chapter.2}% 9
\BOOKMARK [1][-]{section.2.3}{\376\377\0002\000.\0003\000\040\000C\000e\000l\000l\000l\000i\000n\000e\000s}{chapter.2}% 10
\BOOKMARK [1][-]{section.2.4}{\376\377\0002\000.\0004\000\040\000P\000r\000i\000m\000e\000r}{chapter.2}% 11
\BOOKMARK [1][-]{section.2.5}{\376\377\0002\000.\0005\000\040\000C\000h\000e\000m\000i\000c\000a\000l\000s}{chapter.2}% 12
\BOOKMARK [1][-]{section.2.6}{\376\377\0002\000.\0006\000\040\000M\000e\000d\000i\000a\000,\000\040\000S\000u\000p\000p\000l\000e\000m\000e\000n\000t\000s\000\040\000\046\000\040\000C\000y\000t\000o\000k\000i\000n\000e\000s}{chapter.2}% 13
\BOOKMARK [1][-]{section.2.7}{\376\377\0002\000.\0007\000\040\000K\000i\000t\000s}{chapter.2}% 14
\BOOKMARK [1][-]{section.2.8}{\376\377\0002\000.\0008\000\040\000C\000o\000n\000s\000u\000m\000a\000b\000l\000e\000s}{chapter.2}% 15
\BOOKMARK [1][-]{section.2.9}{\376\377\0002\000.\0009\000\040\000D\000e\000v\000i\000s\000e\000s}{chapter.2}% 16
\BOOKMARK [1][-]{section.2.10}{\376\377\0002\000.\0001\0000\000\040\000P\000r\000o\000g\000r\000a\000m\000s\000\040\000\046\000\040\000M\000o\000d\000u\000l\000e\000s}{chapter.2}% 17
\BOOKMARK [0][-]{chapter.3}{\376\377\0003\000\040\000M\000e\000t\000h\000o\000d\000s}{}% 18
\BOOKMARK [1][-]{section.3.1}{\376\377\0003\000.\0001\000\040\000C\000u\000l\000t\000i\000v\000a\000t\000i\000o\000n\000\040\000a\000n\000d\000\040\000d\000i\000f\000f\000e\000r\000e\000n\000t\000i\000a\000t\000i\000o\000n\000\040\000o\000f\000\040\000H\000A\000o\000S\000M\000C\000s}{chapter.3}% 19
\BOOKMARK [1][-]{section.3.2}{\376\377\0003\000.\0002\000\040\000m\000R\000N\000A\000\040\000Q\000u\000a\000n\000t\000i\000f\000i\000c\000a\000t\000i\000o\000n}{chapter.3}% 20
\BOOKMARK [1][-]{section.3.3}{\376\377\0003\000.\0003\000\040\000E\000n\000e\000r\000g\000y\000\040\000P\000r\000o\000f\000i\000l\000i\000n\000g}{chapter.3}% 21
\BOOKMARK [1][-]{section.3.4}{\376\377\0003\000.\0004\000\040\000O\000x\000i\000d\000a\000t\000i\000v\000e\000\040\000S\000t\000r\000e\000s\000s\000\040\000A\000s\000s\000a\000y}{chapter.3}% 22
\BOOKMARK [1][-]{section.3.5}{\376\377\0003\000.\0005\000\040\000I\000m\000m\000u\000n\000o\000f\000l\000o\000u\000r\000e\000s\000c\000e\000n\000c\000e}{chapter.3}% 23
\BOOKMARK [1][-]{section.3.6}{\376\377\0003\000.\0006\000\040\000C\000u\000r\000a\000t\000i\000o\000n\000\040\000o\000f\000\040\000D\000a\000t\000a\000\040\000f\000o\000r\000\040\000p\000o\000s\000t\000G\000W\000A\000S\000\040\000a\000n\000a\000l\000y\000s\000e\000s}{chapter.3}% 24
\BOOKMARK [1][-]{section.3.7}{\376\377\0003\000.\0007\000\040\000V\000i\000s\000u\000a\000l\000i\000z\000a\000t\000i\000o\000n\000\040\000o\000f\000\040\000G\000W\000A\000S\000\040\000d\000a\000t\000a}{chapter.3}% 25
\BOOKMARK [1][-]{section.3.8}{\376\377\0003\000.\0008\000\040\000E\000n\000r\000i\000c\000h\000m\000e\000n\000t\000\040\000a\000n\000a\000l\000y\000s\000i\000s}{chapter.3}% 26
\BOOKMARK [0][-]{chapter.4}{\376\377\0004\000\040\000R\000e\000s\000u\000l\000t\000s}{}% 27
\BOOKMARK [1][-]{section.4.1}{\376\377\0004\000.\0001\000\040\000D\000i\000f\000f\000e\000r\000e\000n\000t\000i\000t\000a\000i\000o\000n}{chapter.4}% 28
\BOOKMARK [1][-]{section.4.2}{\376\377\0004\000.\0002\000\040\000E\000v\000a\000l\000u\000a\000t\000i\000o\000n\000\040\000o\000f\000\040\000o\000x\000i\000d\000a\000t\000i\000v\000e\000\040\000S\000t\000r\000e\000s\000s}{chapter.4}% 29
\BOOKMARK [1][-]{section.4.3}{\376\377\0004\000.\0003\000\040\000V\000i\000s\000u\000a\000l\000i\000z\000a\000t\000i\000o\000n\000\040\000o\000f\000\040\000G\000W\000A\000S\000\040\000d\000a\000t\000a}{chapter.4}% 30
\BOOKMARK [0][-]{chapter.5}{\376\377\0005\000\040\000D\000i\000s\000c\000u\000s\000s\000i\000o\000n}{}% 31
\BOOKMARK [0][-]{chapter.6}{\376\377\0006\000\040\000C\000o\000n\000c\000l\000u\000s\000i\000o\000n\000\040\000\046\000\040\000O\000u\000t\000l\000o\000o\000k}{}% 32
