This is LuaHBTeX, Version 1.15.0 (MiKTeX 22.3) (format=lualatex 2022.3.31)  1 JUN 2022 22:55
 system commands enabled.
**./Masterthesis_first_try
(./Masterthesis_first_try.tex
LaTeX2e <2021-11-15> patch level 1
Lua module: luaotfload 2022-03-18 3.21 Lua based OpenType font support
Lua module: lualibs 2021-05-20 2.74 ConTeXt Lua standard libraries.
Lua module: lualibs-extended 2021-05-20 2.74 ConTeXt Lua libraries -- extended c
ollection.
luaotfload | conf : Root cache directory is "C:/Users/torbe/AppData/Local/MiKTeX
/2.9/luatex-cache/generic/names".
luaotfload | init : Loading fontloader "fontloader-2022-02-24.lua" from kpse-res
olved path "C:/Users/torbe/AppData/Local/Programs/MiKTeX 2.9/tex/luatex/luaotflo
ad/fontloader-2022-02-24.lua".
Lua-only attribute luaotfload@noligature = 1
luaotfload | init : Context OpenType loader version 3.119
Inserting `luaotfload.node_processor' at position 1 in `pre_linebreak_filter'.
Inserting `luaotfload.node_processor' at position 1 in `hpack_filter'.
Inserting `luaotfload.glyph_stream' at position 1 in `glyph_stream_provider'.
Inserting `luaotfload.define_font' at position 1 in `define_font'.
Lua-only attribute luaotfload_color_attribute = 2
luaotfload | conf : Root cache directory is "C:/Users/torbe/AppData/Local/MiKTeX
/2.9/luatex-cache/generic/names".
Inserting `luaotfload.harf.strip_prefix' at position 1 in `find_opentype_file'.
Inserting `luaotfload.harf.strip_prefix' at position 1 in `find_truetype_file'.
Removing  `luaotfload.glyph_stream' from `glyph_stream_provider'.
Inserting `luaotfload.harf.glyphstream' at position 1 in `glyph_stream_provider'
.
Inserting `luaotfload.harf.finalize_vlist' at position 1 in `post_linebreak_filt
er'.
Inserting `luaotfload.harf.finalize_hlist' at position 2 in `hpack_filter'.
Inserting `luaotfload.cleanup_files' at position 1 in `wrapup_run'.
Inserting `luaotfload.harf.finalize_unicode' at position 1 in `finish_pdffile'.
Inserting `luaotfload.glyphinfo' at position 1 in `glyph_info'.
Lua-only attribute luaotfload.letterspace_done = 3
Inserting `luaotfload.aux.set_sscale_dimens' at position 1 in `luaotfload.patch_
font'.
Inserting `luaotfload.aux.set_font_index' at position 2 in `luaotfload.patch_fon
t'.
Inserting `luaotfload.aux.patch_cambria_domh' at position 3 in `luaotfload.patch
_font'.
Inserting `luaotfload.aux.fixup_fontdata' at position 1 in `luaotfload.patch_fon
t_unsafe'.
Inserting `luaotfload.aux.set_capheight' at position 4 in `luaotfload.patch_font
'.
Inserting `luaotfload.aux.set_xheight' at position 5 in `luaotfload.patch_font'.
Inserting `luaotfload.rewrite_fontname' at position 6 in `luaotfload.patch_font'
. L3 programming layer <2022-02-24>
Inserting `tracingstacklevels' at position 1 in `input_level_string'. (./uzl-th
esis.cls
Document Class: uzl-thesis 2019/05/01 University of Luebeck Thesis Class

("C:/Users/torbe/AppData/Local/Programs/MiKTeX 2.9/tex/generic/iftex/ifluatex.s
ty"
Package: ifluatex 2019/10/25 v1.5 ifluatex legacy package. Use iftex instead.

("C:/Users/torbe/AppData/Local/Programs/MiKTeX 2.9/tex/generic/iftex/iftex.sty"
Package: iftex 2022/02/03 v1.0f TeX engine tests
))
("C:/Users/torbe/AppData/Local/Programs/MiKTeX 2.9/tex/latex/pgf/basiclayer/pgf
.sty"
("C:/Users/torbe/AppData/Local/Programs/MiKTeX 2.9/tex/latex/pgf/utilities/pgfr
cs.sty"
("C:/Users/torbe/AppData/Local/Programs/MiKTeX 2.9/tex/generic/pgf/utilities/pg
futil-common.tex"
\pgfutil@everybye=\toks16
\pgfutil@tempdima=\dimen137
\pgfutil@tempdimb=\dimen138

("C:/Users/torbe/AppData/Local/Programs/MiKTeX 2.9/tex/generic/pgf/utilities/pg
futil-common-lists.tex"))
("C:/Users/torbe/AppData/Local/Programs/MiKTeX 2.9/tex/generic/pgf/utilities/pg
futil-latex.def"
\pgfutil@abb=\box50
)
("C:/Users/torbe/AppData/Local/Programs/MiKTeX 2.9/tex/generic/pgf/utilities/pg
frcs.code.tex"
("C:/Users/torbe/AppData/Local/Programs/MiKTeX 2.9/tex/generic/pgf/pgf.revision
.tex")
Package: pgfrcs 2021/05/15 v3.1.9a (3.1.9a)
))
Package: pgf 2021/05/15 v3.1.9a (3.1.9a)

("C:/Users/torbe/AppData/Local/Programs/MiKTeX 2.9/tex/latex/pgf/basiclayer/pgf
core.sty"
("C:/Users/torbe/AppData/Local/Programs/MiKTeX 2.9/tex/latex/graphics/graphicx.
sty"
Package: graphicx 2021/09/16 v1.2d Enhanced LaTeX Graphics (DPC,SPQR)

("C:/Users/torbe/AppData/Local/Programs/MiKTeX 2.9/tex/latex/graphics/keyval.st
y"
Package: keyval 2014/10/28 v1.15 key=value parser (DPC)
\KV@toks@=\toks17
)
("C:/Users/torbe/AppData/Local/Programs/MiKTeX 2.9/tex/latex/graphics/graphics.
sty"
Package: graphics 2021/03/04 v1.4d Standard LaTeX Graphics (DPC,SPQR)

("C:/Users/torbe/AppData/Local/Programs/MiKTeX 2.9/tex/latex/graphics/trig.sty"
Package: trig 2021/08/11 v1.11 sin cos tan (DPC)
)
("C:/Users/torbe/AppData/Local/Programs/MiKTeX 2.9/tex/latex/graphics-cfg/graph
ics.cfg"
File: graphics.cfg 2016/06/04 v1.11 sample graphics configuration
)
Package graphics Info: Driver file: luatex.def on input line 107.

("C:/Users/torbe/AppData/Local/Programs/MiKTeX 2.9/tex/latex/graphics-def/luate
x.def"
File: luatex.def 2021/06/01 v1.2c Graphics/color driver for luatex
))
\Gin@req@height=\dimen139
\Gin@req@width=\dimen140
)
("C:/Users/torbe/AppData/Local/Programs/MiKTeX 2.9/tex/latex/pgf/systemlayer/pg
fsys.sty"
("C:/Users/torbe/AppData/Local/Programs/MiKTeX 2.9/tex/generic/pgf/systemlayer/
pgfsys.code.tex"
Package: pgfsys 2021/05/15 v3.1.9a (3.1.9a)

("C:/Users/torbe/AppData/Local/Programs/MiKTeX 2.9/tex/generic/pgf/utilities/pg
fkeys.code.tex"
\pgfkeys@pathtoks=\toks18
\pgfkeys@temptoks=\toks19

("C:/Users/torbe/AppData/Local/Programs/MiKTeX 2.9/tex/generic/pgf/utilities/pg
fkeysfiltered.code.tex"
\pgfkeys@tmptoks=\toks20
))
\pgf@x=\dimen141
\pgf@y=\dimen142
\pgf@xa=\dimen143
\pgf@ya=\dimen144
\pgf@xb=\dimen145
\pgf@yb=\dimen146
\pgf@xc=\dimen147
\pgf@yc=\dimen148
\pgf@xd=\dimen149
\pgf@yd=\dimen150
\w@pgf@writea=\write3
\r@pgf@reada=\read2
\c@pgf@counta=\count183
\c@pgf@countb=\count184
\c@pgf@countc=\count185
\c@pgf@countd=\count186
\t@pgf@toka=\toks21
\t@pgf@tokb=\toks22
\t@pgf@tokc=\toks23
\pgf@sys@id@count=\count187

("C:/Users/torbe/AppData/Local/Programs/MiKTeX 2.9/tex/generic/pgf/systemlayer/
pgf.cfg"
File: pgf.cfg 2021/05/15 v3.1.9a (3.1.9a)
)
Driver file for pgf: pgfsys-luatex.def

("C:/Users/torbe/AppData/Local/Programs/MiKTeX 2.9/tex/generic/pgf/systemlayer/
pgfsys-luatex.def"
File: pgfsys-luatex.def 2021/05/15 v3.1.9a (3.1.9a)

("C:/Users/torbe/AppData/Local/Programs/MiKTeX 2.9/tex/generic/pgf/systemlayer/
pgfsys-common-pdf.def"
File: pgfsys-common-pdf.def 2021/05/15 v3.1.9a (3.1.9a)
)))
("C:/Users/torbe/AppData/Local/Programs/MiKTeX 2.9/tex/generic/pgf/systemlayer/
pgfsyssoftpath.code.tex"
File: pgfsyssoftpath.code.tex 2021/05/15 v3.1.9a (3.1.9a)
\pgfsyssoftpath@smallbuffer@items=\count188
\pgfsyssoftpath@bigbuffer@items=\count189
)
("C:/Users/torbe/AppData/Local/Programs/MiKTeX 2.9/tex/generic/pgf/systemlayer/
pgfsysprotocol.code.tex"
File: pgfsysprotocol.code.tex 2021/05/15 v3.1.9a (3.1.9a)
))
("C:/Users/torbe/AppData/Local/Programs/MiKTeX 2.9/tex/latex/xcolor/xcolor.sty"
Package: xcolor 2021/10/31 v2.13 LaTeX color extensions (UK)

("C:/Users/torbe/AppData/Local/Programs/MiKTeX 2.9/tex/latex/graphics-cfg/color
.cfg"
File: color.cfg 2016/01/02 v1.6 sample color configuration
)
Package xcolor Info: Driver file: luatex.def on input line 227.
Package xcolor Info: Model `cmy' substituted by `cmy0' on input line 1352.
Package xcolor Info: Model `hsb' substituted by `rgb' on input line 1356.
Package xcolor Info: Model `RGB' extended on input line 1368.
Package xcolor Info: Model `HTML' substituted by `rgb' on input line 1370.
Package xcolor Info: Model `Hsb' substituted by `hsb' on input line 1371.
Package xcolor Info: Model `tHsb' substituted by `hsb' on input line 1372.
Package xcolor Info: Model `HSB' substituted by `hsb' on input line 1373.
Package xcolor Info: Model `Gray' substituted by `gray' on input line 1374.
Package xcolor Info: Model `wave' substituted by `hsb' on input line 1375.
)
("C:/Users/torbe/AppData/Local/Programs/MiKTeX 2.9/tex/generic/pgf/basiclayer/p
gfcore.code.tex"
Package: pgfcore 2021/05/15 v3.1.9a (3.1.9a)

("C:/Users/torbe/AppData/Local/Programs/MiKTeX 2.9/tex/generic/pgf/math/pgfmath
.code.tex"
("C:/Users/torbe/AppData/Local/Programs/MiKTeX 2.9/tex/generic/pgf/math/pgfmath
calc.code.tex"
("C:/Users/torbe/AppData/Local/Programs/MiKTeX 2.9/tex/generic/pgf/math/pgfmath
util.code.tex")
("C:/Users/torbe/AppData/Local/Programs/MiKTeX 2.9/tex/generic/pgf/math/pgfmath
parser.code.tex"
\pgfmath@dimen=\dimen151
\pgfmath@count=\count190
\pgfmath@box=\box51
\pgfmath@toks=\toks24
\pgfmath@stack@operand=\toks25
\pgfmath@stack@operation=\toks26
)
("C:/Users/torbe/AppData/Local/Programs/MiKTeX 2.9/tex/generic/pgf/math/pgfmath
functions.code.tex"
("C:/Users/torbe/AppData/Local/Programs/MiKTeX 2.9/tex/generic/pgf/math/pgfmath
functions.basic.code.tex")
("C:/Users/torbe/AppData/Local/Programs/MiKTeX 2.9/tex/generic/pgf/math/pgfmath
functions.trigonometric.code.tex")
("C:/Users/torbe/AppData/Local/Programs/MiKTeX 2.9/tex/generic/pgf/math/pgfmath
functions.random.code.tex")
("C:/Users/torbe/AppData/Local/Programs/MiKTeX 2.9/tex/generic/pgf/math/pgfmath
functions.comparison.code.tex")
("C:/Users/torbe/AppData/Local/Programs/MiKTeX 2.9/tex/generic/pgf/math/pgfmath
functions.base.code.tex")
("C:/Users/torbe/AppData/Local/Programs/MiKTeX 2.9/tex/generic/pgf/math/pgfmath
functions.round.code.tex")
("C:/Users/torbe/AppData/Local/Programs/MiKTeX 2.9/tex/generic/pgf/math/pgfmath
functions.misc.code.tex")
("C:/Users/torbe/AppData/Local/Programs/MiKTeX 2.9/tex/generic/pgf/math/pgfmath
functions.integerarithmetics.code.tex")))
("C:/Users/torbe/AppData/Local/Programs/MiKTeX 2.9/tex/generic/pgf/math/pgfmath
float.code.tex"
\c@pgfmathroundto@lastzeros=\count191
))
("C:/Users/torbe/AppData/Local/Programs/MiKTeX 2.9/tex/generic/pgf/math/pgfint.
code.tex")
("C:/Users/torbe/AppData/Local/Programs/MiKTeX 2.9/tex/generic/pgf/basiclayer/p
gfcorepoints.code.tex"
File: pgfcorepoints.code.tex 2021/05/15 v3.1.9a (3.1.9a)
\pgf@picminx=\dimen152
\pgf@picmaxx=\dimen153
\pgf@picminy=\dimen154
\pgf@picmaxy=\dimen155
\pgf@pathminx=\dimen156
\pgf@pathmaxx=\dimen157
\pgf@pathminy=\dimen158
\pgf@pathmaxy=\dimen159
\pgf@xx=\dimen160
\pgf@xy=\dimen161
\pgf@yx=\dimen162
\pgf@yy=\dimen163
\pgf@zx=\dimen164
\pgf@zy=\dimen165
luaotfload | db : Font names database loaded from C:/Users/torbe/AppData/Local/M
iKTeX/2.9/luatex-cache/generic/names/luaotfload-names.luc.gz)
("C:/Users/torbe/AppData/Local/Programs/MiKTeX 2.9/tex/generic/pgf/basiclayer/p
gfcorepathconstruct.code.tex"
File: pgfcorepathconstruct.code.tex 2021/05/15 v3.1.9a (3.1.9a)
\pgf@path@lastx=\dimen166
\pgf@path@lasty=\dimen167
)
("C:/Users/torbe/AppData/Local/Programs/MiKTeX 2.9/tex/generic/pgf/basiclayer/p
gfcorepathusage.code.tex"
File: pgfcorepathusage.code.tex 2021/05/15 v3.1.9a (3.1.9a)
\pgf@shorten@end@additional=\dimen168
\pgf@shorten@start@additional=\dimen169
)
("C:/Users/torbe/AppData/Local/Programs/MiKTeX 2.9/tex/generic/pgf/basiclayer/p
gfcorescopes.code.tex"
File: pgfcorescopes.code.tex 2021/05/15 v3.1.9a (3.1.9a)
\pgfpic=\box52
\pgf@hbox=\box53
\pgf@layerbox@main=\box54
\pgf@picture@serial@count=\count192
)
("C:/Users/torbe/AppData/Local/Programs/MiKTeX 2.9/tex/generic/pgf/basiclayer/p
gfcoregraphicstate.code.tex"
File: pgfcoregraphicstate.code.tex 2021/05/15 v3.1.9a (3.1.9a)
\pgflinewidth=\dimen170
)
("C:/Users/torbe/AppData/Local/Programs/MiKTeX 2.9/tex/generic/pgf/basiclayer/p
gfcoretransformations.code.tex"
File: pgfcoretransformations.code.tex 2021/05/15 v3.1.9a (3.1.9a)
\pgf@pt@x=\dimen171
\pgf@pt@y=\dimen172
\pgf@pt@temp=\dimen173
)
("C:/Users/torbe/AppData/Local/Programs/MiKTeX 2.9/tex/generic/pgf/basiclayer/p
gfcorequick.code.tex"
File: pgfcorequick.code.tex 2021/05/15 v3.1.9a (3.1.9a)
)
("C:/Users/torbe/AppData/Local/Programs/MiKTeX 2.9/tex/generic/pgf/basiclayer/p
gfcoreobjects.code.tex"
File: pgfcoreobjects.code.tex 2021/05/15 v3.1.9a (3.1.9a)
)
("C:/Users/torbe/AppData/Local/Programs/MiKTeX 2.9/tex/generic/pgf/basiclayer/p
gfcorepathprocessing.code.tex"
File: pgfcorepathprocessing.code.tex 2021/05/15 v3.1.9a (3.1.9a)
)
("C:/Users/torbe/AppData/Local/Programs/MiKTeX 2.9/tex/generic/pgf/basiclayer/p
gfcorearrows.code.tex"
File: pgfcorearrows.code.tex 2021/05/15 v3.1.9a (3.1.9a)
\pgfarrowsep=\dimen174
)
("C:/Users/torbe/AppData/Local/Programs/MiKTeX 2.9/tex/generic/pgf/basiclayer/p
gfcoreshade.code.tex"
File: pgfcoreshade.code.tex 2021/05/15 v3.1.9a (3.1.9a)
\pgf@max=\dimen175
\pgf@sys@shading@range@num=\count193
\pgf@shadingcount=\count194
)
("C:/Users/torbe/AppData/Local/Programs/MiKTeX 2.9/tex/generic/pgf/basiclayer/p
gfcoreimage.code.tex"
File: pgfcoreimage.code.tex 2021/05/15 v3.1.9a (3.1.9a)

("C:/Users/torbe/AppData/Local/Programs/MiKTeX 2.9/tex/generic/pgf/basiclayer/p
gfcoreexternal.code.tex"
File: pgfcoreexternal.code.tex 2021/05/15 v3.1.9a (3.1.9a)
\pgfexternal@startupbox=\box55
))
("C:/Users/torbe/AppData/Local/Programs/MiKTeX 2.9/tex/generic/pgf/basiclayer/p
gfcorelayers.code.tex"
File: pgfcorelayers.code.tex 2021/05/15 v3.1.9a (3.1.9a)
)
("C:/Users/torbe/AppData/Local/Programs/MiKTeX 2.9/tex/generic/pgf/basiclayer/p
gfcoretransparency.code.tex"
File: pgfcoretransparency.code.tex 2021/05/15 v3.1.9a (3.1.9a)
)
("C:/Users/torbe/AppData/Local/Programs/MiKTeX 2.9/tex/generic/pgf/basiclayer/p
gfcorepatterns.code.tex"
File: pgfcorepatterns.code.tex 2021/05/15 v3.1.9a (3.1.9a)
)
("C:/Users/torbe/AppData/Local/Programs/MiKTeX 2.9/tex/generic/pgf/basiclayer/p
gfcorerdf.code.tex"
File: pgfcorerdf.code.tex 2021/05/15 v3.1.9a (3.1.9a)
)))
("C:/Users/torbe/AppData/Local/Programs/MiKTeX 2.9/tex/generic/pgf/modules/pgfm
oduleshapes.code.tex"
File: pgfmoduleshapes.code.tex 2021/05/15 v3.1.9a (3.1.9a)
\pgfnodeparttextbox=\box56
)
("C:/Users/torbe/AppData/Local/Programs/MiKTeX 2.9/tex/generic/pgf/modules/pgfm
oduleplot.code.tex"
File: pgfmoduleplot.code.tex 2021/05/15 v3.1.9a (3.1.9a)
)
("C:/Users/torbe/AppData/Local/Programs/MiKTeX 2.9/tex/latex/pgf/compatibility/
pgfcomp-version-0-65.sty"
Package: pgfcomp-version-0-65 2021/05/15 v3.1.9a (3.1.9a)
\pgf@nodesepstart=\dimen176
\pgf@nodesepend=\dimen177
)
("C:/Users/torbe/AppData/Local/Programs/MiKTeX 2.9/tex/latex/pgf/compatibility/
pgfcomp-version-1-18.sty"
Package: pgfcomp-version-1-18 2021/05/15 v3.1.9a (3.1.9a)
))
\uzl@Huge=\dimen178
\uzl@huge=\dimen179
\uzl@LARGE=\dimen180
\uzl@Large=\dimen181
\uzl@large=\dimen182
\uzl@normalsize=\dimen183
\uzl@small=\dimen184
\uzl@footnotesize=\dimen185
\uzl@scriptsize=\dimen186
\uzl@tiny=\dimen187

("C:/Users/torbe/AppData/Local/Programs/MiKTeX 2.9/tex/latex/geometry/geometry.
sty"
Package: geometry 2020/01/02 v5.9 Page Geometry

("C:/Users/torbe/AppData/Local/Programs/MiKTeX 2.9/tex/generic/iftex/ifvtex.sty
"
Package: ifvtex 2019/10/25 v1.7 ifvtex legacy package. Use iftex instead.
)
\Gm@cnth=\count195
\Gm@cntv=\count196
\c@Gm@tempcnt=\count197
\Gm@bindingoffset=\dimen188
\Gm@wd@mp=\dimen189
\Gm@odd@mp=\dimen190
\Gm@even@mp=\dimen191
\Gm@layoutwidth=\dimen192
\Gm@layoutheight=\dimen193
\Gm@layouthoffset=\dimen194
\Gm@layoutvoffset=\dimen195
\Gm@dimlist=\toks27

("C:/Users/torbe/AppData/Local/Programs/MiKTeX 2.9/tex/latex/geometry/geometry.
cfg"))
\c@chapter=\count198
\c@section=\count199
\c@subsection=\count266
\@itemdepth=\count267
\c@figure=\count268
\c@table=\count269
\abovecaptionskip=\skip47
\belowcaptionskip=\skip48

("C:/Users/torbe/AppData/Local/Programs/MiKTeX 2.9/tex/latex/amsmath/amsmath.st
y"
Package: amsmath 2021/10/15 v2.17l AMS math features
\@mathmargin=\skip49

For additional information on amsmath, use the `?' option.

("C:/Users/torbe/AppData/Local/Programs/MiKTeX 2.9/tex/latex/amsmath/amstext.st
y"
Package: amstext 2021/08/26 v2.01 AMS text

("C:/Users/torbe/AppData/Local/Programs/MiKTeX 2.9/tex/latex/amsmath/amsgen.sty
"
File: amsgen.sty 1999/11/30 v2.0 generic functions
\@emptytoks=\toks28
\ex@=\dimen196
))
("C:/Users/torbe/AppData/Local/Programs/MiKTeX 2.9/tex/latex/amsmath/amsbsy.sty
"
Package: amsbsy 1999/11/29 v1.2d Bold Symbols
\pmbraise@=\dimen197
)
("C:/Users/torbe/AppData/Local/Programs/MiKTeX 2.9/tex/latex/amsmath/amsopn.sty
"
Package: amsopn 2021/08/26 v2.02 operator names
)
\inf@bad=\count270
LaTeX Info: Redefining \frac on input line 236.
\uproot@=\count271
\leftroot@=\count272
LaTeX Info: Redefining \overline on input line 399.
\classnum@=\count273
\DOTSCASE@=\count274
LaTeX Info: Redefining \ldots on input line 496.
LaTeX Info: Redefining \dots on input line 499.
LaTeX Info: Redefining \cdots on input line 620.
\Mathstrutbox@=\box57
\strutbox@=\box58
\big@size=\dimen198
LaTeX Font Info:    Redeclaring font encoding OML on input line 743.
LaTeX Font Info:    Redeclaring font encoding OMS on input line 744.
\macc@depth=\count275
\c@MaxMatrixCols=\count276
\dotsspace@=\muskip16
\c@parentequation=\count277
\dspbrk@lvl=\count278
\tag@help=\toks29
\row@=\count279
\column@=\count280
\maxfields@=\count281
\andhelp@=\toks30
\eqnshift@=\dimen199
\alignsep@=\dimen256
\tagshift@=\dimen257
\tagwidth@=\dimen258
\totwidth@=\dimen259
\lineht@=\dimen260
\@envbody=\toks31
\multlinegap=\skip50
\multlinetaggap=\skip51
\mathdisplay@stack=\toks32
LaTeX Info: Redefining \[ on input line 2938.
LaTeX Info: Redefining \] on input line 2939.
)
("C:/Users/torbe/AppData/Local/Programs/MiKTeX 2.9/tex/latex/amsfonts/amssymb.s
ty"
Package: amssymb 2013/01/14 v3.01 AMS font symbols

("C:/Users/torbe/AppData/Local/Programs/MiKTeX 2.9/tex/latex/amsfonts/amsfonts.
sty"
Package: amsfonts 2013/01/14 v3.01 Basic AMSFonts support
\symAMSa=\mathgroup4
\symAMSb=\mathgroup5
LaTeX Font Info:    Redeclaring math symbol \hbar on input line 98.
LaTeX Font Info:    Overwriting math alphabet `\mathfrak' in version `bold'
(Font)                  U/euf/m/n --> U/euf/b/n on input line 106.
))
("C:/Users/torbe/AppData/Local/Programs/MiKTeX 2.9/tex/latex/amscls/amsthm.sty"
Package: amsthm 2020/05/29 v2.20.6
\thm@style=\toks33
\thm@bodyfont=\toks34
\thm@headfont=\toks35
\thm@notefont=\toks36
\thm@headpunct=\toks37
\thm@preskip=\skip52
\thm@postskip=\skip53
\thm@headsep=\skip54
\dth@everypar=\toks38
)
\c@theorem=\count282

("C:/Users/torbe/AppData/Local/Programs/MiKTeX 2.9/tex/latex/fontspec/fontspec.
sty"
("C:/Users/torbe/AppData/Local/Programs/MiKTeX 2.9/tex/latex/l3packages/xparse/
xparse.sty"
("C:/Users/torbe/AppData/Local/Programs/MiKTeX 2.9/tex/latex/l3kernel/expl3.sty
"
Package: expl3 2022-02-24 L3 programming layer (loader) 

("C:/Users/torbe/AppData/Local/Programs/MiKTeX 2.9/tex/latex/l3backend/l3backen
d-luatex.def"
File: l3backend-luatex.def 2022-02-07 L3 backend support: PDF output (LuaTeX)
\l__color_backend_stack_int=\count283
\l__pdf_internal_box=\box59
))
Package: xparse 2022-01-12 L3 Experimental document command parser
)
Package: fontspec 2022/01/15 v2.8a Font selection for XeLaTeX and LuaLaTeX
Lua module: fontspec 2022/01/15 2.8a Font selection for XeLaTeX and LuaLaTeX
("C:/Users/torbe/AppData/Local/Programs/MiKTeX 2.9/tex/latex/fontspec/fontspec-
luatex.sty"
Package: fontspec-luatex 2022/01/15 v2.8a Font selection for XeLaTeX and LuaLaT
eX
\l__fontspec_script_int=\count284
\l__fontspec_language_int=\count285
\l__fontspec_strnum_int=\count286
\l__fontspec_tmp_int=\count287
\l__fontspec_tmpa_int=\count288
\l__fontspec_tmpb_int=\count289
\l__fontspec_tmpc_int=\count290
\l__fontspec_em_int=\count291
\l__fontspec_emdef_int=\count292
\l__fontspec_strong_int=\count293
\l__fontspec_strongdef_int=\count294
\l__fontspec_tmpa_dim=\dimen261
\l__fontspec_tmpb_dim=\dimen262
\l__fontspec_tmpc_dim=\dimen263

("C:/Users/torbe/AppData/Local/Programs/MiKTeX 2.9/tex/latex/base/fontenc.sty"
Package: fontenc 2021/04/29 v2.0v Standard LaTeX package
)
("C:/Users/torbe/AppData/Local/Programs/MiKTeX 2.9/tex/latex/fontspec/fontspec.
cfg")))
\uzl@latex@preskip=\skip55
\uzl@latex@postskip=\skip56
LaTeX Info: Redefining \LaTeX on input line 942.

("C:/Users/torbe/AppData/Local/Programs/MiKTeX 2.9/tex/latex/tools/varioref.sty
"
Package: varioref 2021/07/07 v1.6f package for extended references (FMi)
\c@vrcnt=\count295
)
("C:/Users/torbe/AppData/Local/Programs/MiKTeX 2.9/tex/latex/hyperref/hyperref.
sty"
Package: hyperref 2022-02-21 v7.00n Hypertext links for LaTeX

("C:/Users/torbe/AppData/Local/Programs/MiKTeX 2.9/tex/generic/ltxcmds/ltxcmds.
sty"
Package: ltxcmds 2019/12/15 v1.24 LaTeX kernel commands for general use (HO)
)
("C:/Users/torbe/AppData/Local/Programs/MiKTeX 2.9/tex/generic/pdftexcmds/pdfte
xcmds.sty"
Package: pdftexcmds 2020-06-27 v0.33 Utility functions of pdfTeX for LuaTeX (HO
)

("C:/Users/torbe/AppData/Local/Programs/MiKTeX 2.9/tex/generic/infwarerr/infwar
err.sty"
Package: infwarerr 2019/12/03 v1.5 Providing info/warning/error messages (HO)
)
Package pdftexcmds Info: \pdf@primitive is available.
Package pdftexcmds Info: \pdf@ifprimitive is available.
Package pdftexcmds Info: \pdfdraftmode found.
\pdftexcmds@toks=\toks39
)
("C:/Users/torbe/AppData/Local/Programs/MiKTeX 2.9/tex/generic/kvsetkeys/kvsetk
eys.sty"
Package: kvsetkeys 2019/12/15 v1.18 Key value parser (HO)
)
("C:/Users/torbe/AppData/Local/Programs/MiKTeX 2.9/tex/generic/kvdefinekeys/kvd
efinekeys.sty"
Package: kvdefinekeys 2019-12-19 v1.6 Define keys (HO)
)
("C:/Users/torbe/AppData/Local/Programs/MiKTeX 2.9/tex/generic/pdfescape/pdfesc
ape.sty"
Package: pdfescape 2019/12/09 v1.15 Implements pdfTeX's escape features (HO)
)
("C:/Users/torbe/AppData/Local/Programs/MiKTeX 2.9/tex/latex/hycolor/hycolor.st
y"
Package: hycolor 2020-01-27 v1.10 Color options for hyperref/bookmark (HO)
)
("C:/Users/torbe/AppData/Local/Programs/MiKTeX 2.9/tex/latex/letltxmacro/letltx
macro.sty"
Package: letltxmacro 2019/12/03 v1.6 Let assignment for LaTeX macros (HO)
)
("C:/Users/torbe/AppData/Local/Programs/MiKTeX 2.9/tex/latex/auxhook/auxhook.st
y"
Package: auxhook 2019-12-17 v1.6 Hooks for auxiliary files (HO)
)
("C:/Users/torbe/AppData/Local/Programs/MiKTeX 2.9/tex/latex/kvoptions/kvoption
s.sty"
Package: kvoptions 2019/11/29 v3.13 Key value format for package options (HO)
)
\@linkdim=\dimen264
\Hy@linkcounter=\count296
\Hy@pagecounter=\count297

("C:/Users/torbe/AppData/Local/Programs/MiKTeX 2.9/tex/latex/hyperref/pd1enc.de
f"
File: pd1enc.def 2022-02-21 v7.00n Hyperref: PDFDocEncoding definition (HO)
)
("C:/Users/torbe/AppData/Local/Programs/MiKTeX 2.9/tex/generic/intcalc/intcalc.
sty"
Package: intcalc 2019/12/15 v1.3 Expandable calculations with integers (HO)
)
("C:/Users/torbe/AppData/Local/Programs/MiKTeX 2.9/tex/generic/etexcmds/etexcmd
s.sty"
Package: etexcmds 2019/12/15 v1.7 Avoid name clashes with e-TeX commands (HO)
)
\Hy@SavedSpaceFactor=\count298

("C:/Users/torbe/AppData/Local/Programs/MiKTeX 2.9/tex/latex/hyperref/puenc.def
"
File: puenc.def 2022-02-21 v7.00n Hyperref: PDF Unicode definition (HO)
)
Package hyperref Info: Option `unicode' set `true' on input line 4018.
Package hyperref Info: Option `breaklinks' set `true' on input line 4018.
Package hyperref Info: Option `bookmarksnumbered' set `true' on input line 4018
.
Package hyperref Info: Hyper figures OFF on input line 4137.
Package hyperref Info: Link nesting OFF on input line 4142.
Package hyperref Info: Hyper index ON on input line 4145.
Package hyperref Info: Plain pages OFF on input line 4152.
Package hyperref Info: Backreferencing OFF on input line 4157.
Package hyperref Info: Implicit mode ON; LaTeX internals redefined.
Package hyperref Info: Bookmarks ON on input line 4390.
\c@Hy@tempcnt=\count299
 ("C:/Users/torbe/AppData/Local/Programs/MiKTeX 2.9/tex/latex/url/url.sty"
\Urlmuskip=\muskip17
Package: url 2013/09/16  ver 3.4  Verb mode for urls, etc.
)
LaTeX Info: Redefining \url on input line 4749.
\XeTeXLinkMargin=\dimen265

("C:/Users/torbe/AppData/Local/Programs/MiKTeX 2.9/tex/generic/bitset/bitset.st
y"
Package: bitset 2019/12/09 v1.3 Handle bit-vector datatype (HO)

("C:/Users/torbe/AppData/Local/Programs/MiKTeX 2.9/tex/generic/bigintcalc/bigin
tcalc.sty"
Package: bigintcalc 2019/12/15 v1.5 Expandable calculations on big integers (HO
)
))
\Fld@menulength=\count300
\Field@Width=\dimen266
\Fld@charsize=\dimen267
Package hyperref Info: Hyper figures OFF on input line 6027.
Package hyperref Info: Link nesting OFF on input line 6032.
Package hyperref Info: Hyper index ON on input line 6035.
Package hyperref Info: backreferencing OFF on input line 6042.
Package hyperref Info: Link coloring OFF on input line 6047.
Package hyperref Info: Link coloring with OCG OFF on input line 6052.
Package hyperref Info: PDF/A mode OFF on input line 6057.
LaTeX Info: Redefining \ref on input line 6097.
LaTeX Info: Redefining \pageref on input line 6101.

("C:/Users/torbe/AppData/Local/Programs/MiKTeX 2.9/tex/latex/base/atbegshi-ltx.
sty"
Package: atbegshi-ltx 2021/01/10 v1.0c Emulation of the original atbegshi
package with kernel methods
)
\Hy@abspage=\count301
\c@Item=\count302
\c@Hfootnote=\count303
)
Package hyperref Info: Driver (autodetected): hluatex.

("C:/Users/torbe/AppData/Local/Programs/MiKTeX 2.9/tex/latex/hyperref/hluatex.d
ef"
File: hluatex.def 2022-02-21 v7.00n Hyperref driver for luaTeX

("C:/Users/torbe/AppData/Local/Programs/MiKTeX 2.9/tex/generic/stringenc/string
enc.sty"
Package: stringenc 2019/11/29 v1.12 Convert strings between diff. encodings (HO
)
)
("C:/Users/torbe/AppData/Local/Programs/MiKTeX 2.9/tex/latex/base/atveryend-ltx
.sty"
Package: atveryend-ltx 2020/08/19 v1.0a Emulation of the original atveryend pac
kage
with kernel methods
)
\Fld@listcount=\count304
\c@bookmark@seq@number=\count305

("C:/Users/torbe/AppData/Local/Programs/MiKTeX 2.9/tex/latex/rerunfilecheck/rer
unfilecheck.sty"
Package: rerunfilecheck 2019/12/05 v1.9 Rerun checks for auxiliary files (HO)

("C:/Users/torbe/AppData/Local/Programs/MiKTeX 2.9/tex/generic/uniquecounter/un
iquecounter.sty"
Package: uniquecounter 2019/12/15 v1.4 Provide unlimited unique counter (HO)
)
Package uniquecounter Info: New unique counter `rerunfilecheck' on input line 2
86.
)
\Hy@SectionHShift=\skip57
)
("C:/Users/torbe/AppData/Local/Programs/MiKTeX 2.9/tex/generic/babel/babel.sty"
Package: babel 2022/02/26 3.73 The Babel package

("C:/Users/torbe/AppData/Local/Programs/MiKTeX 2.9/tex/generic/babel/luababel.d
ef"
\bbl@readstream=\read3
\l@afrikaans=\language2
Package babel Info: Non-standard hyphenation setup on input line 118.
\l@ancientgreek=\language3
\l@armenian=\language4
\l@assamese=\language5
\l@basque=\language6
\l@belarusian=\language7
\l@bengali=\language8
\l@bokmal=\language9
\l@bulgarian=\language10
\l@catalan=\language11
\l@churchslavonic=\language12
\l@classiclatin=\language13
\l@coptic=\language14
\l@croatian=\language15
\l@czech=\language16
\l@danish=\language17
\l@dutch=\language18
\l@esperanto=\language19
\l@estonian=\language20
\l@ethiopic=\language21
\l@finnish=\language22
\l@french=\language23
\l@friulan=\language24
\l@galician=\language25
\l@georgian=\language26
\l@german=\language27
\l@greek=\language28
\l@gujarati=\language29
\l@hindi=\language30
\l@hungarian=\language31
\l@icelandic=\language32
\l@indonesian=\language33
\l@interlingua=\language34
\l@irish=\language35
\l@italian=\language36
\l@kannada=\language37
\l@kurmanji=\language38
\l@latin=\language39
\l@latvian=\language40
\l@lithuanian=\language41
\l@liturgicallatin=\language42
\l@macedonian=\language43
\l@malayalam=\language44
\l@marathi=\language45
\l@mongolian=\language46
\l@mongolianlmc=\language47
\l@monogreek=\language48
\l@ngerman=\language49
\l@nynorsk=\language50
\l@occitan=\language51
\l@oriya=\language52
\l@pali=\language53
\l@panjabi=\language54
\l@piedmontese=\language55
\l@polish=\language56
\l@portuguese=\language57
\l@romanian=\language58
\l@romansh=\language59
\l@russian=\language60
\l@sanskrit=\language61
\l@serbian=\language62
\l@serbianc=\language63
\l@slovak=\language64
\l@slovenian=\language65
\l@spanish=\language66
\l@swedish=\language67
\l@swissgerman=\language68
\l@tamil=\language69
\l@telugu=\language70
\l@thai=\language71
\l@turkish=\language72
\l@turkmen=\language73
\l@ukenglish=\language74
\l@ukrainian=\language75
\l@uppersorbian=\language76
\l@usenglishmax=\language77
\l@welsh=\language78
\babelcatcodetablenum=\catcodetable12
\bbl@pattcodes=\catcodetable13
)
\babel@savecnt=\count306
\U@D=\dimen268
\l@unhyphenated=\language79

("C:/Users/torbe/AppData/Local/Programs/MiKTeX 2.9/tex/generic/babel/luababel.d
ef"
\bbl@attr@locale=\attribute4
)
*************************************
* Local config file bblopts.cfg used
*
("C:/Users/torbe/AppData/Local/Programs/MiKTeX 2.9/tex/latex/arabi/bblopts.cfg"
File: bblopts.cfg 2005/09/08 v0.1 add Arabic and Farsi to "declared" options of
 babel
)
Package babel Info: Main language set with 'main='. Except if you have
(babel)             problems, prefer the default mechanism for setting
(babel)             the main language. Reported on input line 4219.

("C:/Users/torbe/AppData/Local/Programs/MiKTeX 2.9/tex/latex/babel-german/germa
n.ldf"
Language: german 2021/02/27 v2.13 German support for babel (pre-1996 orthograph
y)

("C:/Users/torbe/AppData/Local/Programs/MiKTeX 2.9/tex/latex/babel-german/germa
nb.ldf"
Language: germanb 2021/02/27 v2.13 German support for babel (pre-1996 orthograp
hy)
Package babel Info: Making " an active character on input line 139.

("C:/Users/torbe/AppData/Local/Programs/MiKTeX 2.9/tex/generic/hyph-utf8/loadhy
ph/loadhyph-de-1901.tex"
UTF-8 German hyphenation patterns (traditional orthography)
("C:/Users/torbe/AppData/Local/Programs/MiKTeX 2.9/tex/generic/hyph-utf8/patter
ns/tex/hyph-de-1901.tex"
German Hyphenation Patterns (Traditional Orthography) `dehypht-x' 2021-02-26 (W
L)))))
("C:/Users/torbe/AppData/Local/Programs/MiKTeX 2.9/tex/latex/babel-english/engl
ish.ldf"
Language: english 2017/06/06 v3.3r English support from the babel system
Package babel Info: Hyphen rules for 'canadian' set to \l@english
(babel)             (\language0). Reported on input line 102.
Package babel Info: Hyphen rules for 'australian' set to \l@ukenglish
(babel)             (\language74). Reported on input line 105.
Package babel Info: Hyphen rules for 'newzealand' set to \l@ukenglish
(babel)             (\language74). Reported on input line 108.
))
("C:/Users/torbe/AppData/Local/Programs/MiKTeX 2.9/tex/latex/etoolbox/etoolbox.
sty"
Package: etoolbox 2020/10/05 v2.5k e-TeX tools for LaTeX (JAW)
\etb@tempcnta=\count307
)
("C:/Users/torbe/AppData/Local/Programs/MiKTeX 2.9/tex/latex/csquotes/csquotes.
sty"
Package: csquotes 2021-02-22 v5.2l context-sensitive quotations (JAW)
\csq@reset=\count308
\csq@gtype=\count309
\csq@glevel=\count310
\csq@qlevel=\count311
\csq@maxlvl=\count312
\csq@tshold=\count313
\csq@ltx@everypar=\toks40

("C:/Users/torbe/AppData/Local/Programs/MiKTeX 2.9/tex/latex/csquotes/csquotes.
def"
File: csquotes.def 2021-02-22 v5.2l csquotes generic definitions (JAW)
)
Package csquotes Info: Trying to load configuration file 'csquotes.cfg'...
Package csquotes Info: ... configuration file loaded successfully.

("C:/Users/torbe/AppData/Local/Programs/MiKTeX 2.9/tex/latex/csquotes/csquotes.
cfg"
File: csquotes.cfg 
))
("C:/Users/torbe/AppData/Local/Programs/MiKTeX 2.9/tex/latex/filecontents/filec
ontents.sty"
Package: filecontents 2019/09/20 v1.5 Create an external file from within a LaT
eX document


Package filecontents Warning: This package is obsolete. Disabling it and
(filecontents)                passing control to the filecontents environment
(filecontents)                defined by the LaTeX kernel.

)
("C:/Users/torbe/AppData/Local/Programs/MiKTeX 2.9/tex/latex/pgf/frontendlayer/
tikz.sty"
("C:/Users/torbe/AppData/Local/Programs/MiKTeX 2.9/tex/latex/pgf/utilities/pgff
or.sty"
("C:/Users/torbe/AppData/Local/Programs/MiKTeX 2.9/tex/latex/pgf/utilities/pgfk
eys.sty"
("C:/Users/torbe/AppData/Local/Programs/MiKTeX 2.9/tex/generic/pgf/utilities/pg
fkeys.code.tex"))
("C:/Users/torbe/AppData/Local/Programs/MiKTeX 2.9/tex/latex/pgf/math/pgfmath.s
ty"
("C:/Users/torbe/AppData/Local/Programs/MiKTeX 2.9/tex/generic/pgf/math/pgfmath
.code.tex"))
("C:/Users/torbe/AppData/Local/Programs/MiKTeX 2.9/tex/generic/pgf/utilities/pg
ffor.code.tex"
Package: pgffor 2021/05/15 v3.1.9a (3.1.9a)

("C:/Users/torbe/AppData/Local/Programs/MiKTeX 2.9/tex/generic/pgf/math/pgfmath
.code.tex")
\pgffor@iter=\dimen269
\pgffor@skip=\dimen270
\pgffor@stack=\toks41
\pgffor@toks=\toks42
))
("C:/Users/torbe/AppData/Local/Programs/MiKTeX 2.9/tex/generic/pgf/frontendlaye
r/tikz/tikz.code.tex"
Package: tikz 2021/05/15 v3.1.9a (3.1.9a)

("C:/Users/torbe/AppData/Local/Programs/MiKTeX 2.9/tex/generic/pgf/libraries/pg
flibraryplothandlers.code.tex"
File: pgflibraryplothandlers.code.tex 2021/05/15 v3.1.9a (3.1.9a)
\pgf@plot@mark@count=\count314
\pgfplotmarksize=\dimen271
)
\tikz@lastx=\dimen272
\tikz@lasty=\dimen273
\tikz@lastxsaved=\dimen274
\tikz@lastysaved=\dimen275
\tikz@lastmovetox=\dimen276
\tikz@lastmovetoy=\dimen277
\tikzleveldistance=\dimen278
\tikzsiblingdistance=\dimen279
\tikz@figbox=\box60
\tikz@figbox@bg=\box61
\tikz@tempbox=\box62
\tikz@tempbox@bg=\box63
\tikztreelevel=\count315
\tikznumberofchildren=\count316
\tikznumberofcurrentchild=\count317
\tikz@fig@count=\count318

("C:/Users/torbe/AppData/Local/Programs/MiKTeX 2.9/tex/generic/pgf/modules/pgfm
odulematrix.code.tex"
File: pgfmodulematrix.code.tex 2021/05/15 v3.1.9a (3.1.9a)
\pgfmatrixcurrentrow=\count319
\pgfmatrixcurrentcolumn=\count320
\pgf@matrix@numberofcolumns=\count321
)
\tikz@expandcount=\count322

("C:/Users/torbe/AppData/Local/Programs/MiKTeX 2.9/tex/generic/pgf/frontendlaye
r/tikz/libraries/tikzlibrarytopaths.code.tex"
File: tikzlibrarytopaths.code.tex 2021/05/15 v3.1.9a (3.1.9a)
)))
("C:/Users/torbe/AppData/Local/Programs/MiKTeX 2.9/tex/generic/pgf/libraries/pg
flibraryarrows.meta.code.tex"
File: pgflibraryarrows.meta.code.tex 2021/05/15 v3.1.9a (3.1.9a)
\pgfarrowinset=\dimen280
\pgfarrowlength=\dimen281
\pgfarrowwidth=\dimen282
\pgfarrowlinewidth=\dimen283
)
("C:/Users/torbe/AppData/Local/Programs/MiKTeX 2.9/tex/generic/pgf/frontendlaye
r/tikz/libraries/tikzlibrarypositioning.code.tex"
File: tikzlibrarypositioning.code.tex 2021/05/15 v3.1.9a (3.1.9a)
)
("C:/Users/torbe/AppData/Local/Programs/MiKTeX 2.9/tex/generic/pgf/frontendlaye
r/tikz/libraries/tikzlibraryshapes.code.tex"
File: tikzlibraryshapes.code.tex 2021/05/15 v3.1.9a (3.1.9a)

("C:/Users/torbe/AppData/Local/Programs/MiKTeX 2.9/tex/generic/pgf/frontendlaye
r/tikz/libraries/tikzlibraryshapes.geometric.code.tex"
File: tikzlibraryshapes.geometric.code.tex 2021/05/15 v3.1.9a (3.1.9a)

("C:/Users/torbe/AppData/Local/Programs/MiKTeX 2.9/tex/generic/pgf/libraries/sh
apes/pgflibraryshapes.geometric.code.tex"
File: pgflibraryshapes.geometric.code.tex 2021/05/15 v3.1.9a (3.1.9a)
))
("C:/Users/torbe/AppData/Local/Programs/MiKTeX 2.9/tex/generic/pgf/frontendlaye
r/tikz/libraries/tikzlibraryshapes.misc.code.tex"
File: tikzlibraryshapes.misc.code.tex 2021/05/15 v3.1.9a (3.1.9a)

("C:/Users/torbe/AppData/Local/Programs/MiKTeX 2.9/tex/generic/pgf/libraries/sh
apes/pgflibraryshapes.misc.code.tex"
File: pgflibraryshapes.misc.code.tex 2021/05/15 v3.1.9a (3.1.9a)
))
("C:/Users/torbe/AppData/Local/Programs/MiKTeX 2.9/tex/generic/pgf/frontendlaye
r/tikz/libraries/tikzlibraryshapes.symbols.code.tex"
File: tikzlibraryshapes.symbols.code.tex 2021/05/15 v3.1.9a (3.1.9a)

("C:/Users/torbe/AppData/Local/Programs/MiKTeX 2.9/tex/generic/pgf/libraries/sh
apes/pgflibraryshapes.symbols.code.tex"
File: pgflibraryshapes.symbols.code.tex 2021/05/15 v3.1.9a (3.1.9a)
))
("C:/Users/torbe/AppData/Local/Programs/MiKTeX 2.9/tex/generic/pgf/frontendlaye
r/tikz/libraries/tikzlibraryshapes.arrows.code.tex"
File: tikzlibraryshapes.arrows.code.tex 2021/05/15 v3.1.9a (3.1.9a)

("C:/Users/torbe/AppData/Local/Programs/MiKTeX 2.9/tex/generic/pgf/libraries/sh
apes/pgflibraryshapes.arrows.code.tex"
File: pgflibraryshapes.arrows.code.tex 2021/05/15 v3.1.9a (3.1.9a)
))
("C:/Users/torbe/AppData/Local/Programs/MiKTeX 2.9/tex/generic/pgf/frontendlaye
r/tikz/libraries/tikzlibraryshapes.callouts.code.tex"
("C:/Users/torbe/AppData/Local/Programs/MiKTeX 2.9/tex/generic/pgf/libraries/sh
apes/pgflibraryshapes.callouts.code.tex"))
("C:/Users/torbe/AppData/Local/Programs/MiKTeX 2.9/tex/generic/pgf/frontendlaye
r/tikz/libraries/tikzlibraryshapes.multipart.code.tex"
File: tikzlibraryshapes.multipart.code.tex 2021/05/15 v3.1.9a (3.1.9a)

("C:/Users/torbe/AppData/Local/Programs/MiKTeX 2.9/tex/generic/pgf/libraries/sh
apes/pgflibraryshapes.multipart.code.tex"
File: pgflibraryshapes.multipart.code.tex 2021/05/15 v3.1.9a (3.1.9a)
\pgfnodepartlowerbox=\box64
\pgfnodeparttwobox=\box65
\pgfnodepartthreebox=\box66
\pgfnodepartfourbox=\box67
\pgfnodeparttwentybox=\box68
\pgfnodepartnineteenbox=\box69
\pgfnodeparteighteenbox=\box70
\pgfnodepartseventeenbox=\box71
\pgfnodepartsixteenbox=\box72
\pgfnodepartfifteenbox=\box73
\pgfnodepartfourteenbox=\box74
\pgfnodepartthirteenbox=\box75
\pgfnodeparttwelvebox=\box76
\pgfnodepartelevenbox=\box77
\pgfnodeparttenbox=\box78
\pgfnodepartninebox=\box79
\pgfnodeparteightbox=\box80
\pgfnodepartsevenbox=\box81
\pgfnodepartsixbox=\box82
\pgfnodepartfivebox=\box83
)))
("C:/Users/torbe/AppData/Local/Programs/MiKTeX 2.9/tex/latex/listings/listings.
sty"
\lst@mode=\count323
\lst@gtempboxa=\box84
\lst@token=\toks43
\lst@length=\count324
\lst@currlwidth=\dimen284
\lst@column=\count325
\lst@pos=\count326
\lst@lostspace=\dimen285
\lst@width=\dimen286
\lst@newlines=\count327
\lst@lineno=\count328
\lst@maxwidth=\dimen287

("C:/Users/torbe/AppData/Local/Programs/MiKTeX 2.9/tex/latex/listings/lstmisc.s
ty"
File: lstmisc.sty 2020/03/24 1.8d (Carsten Heinz)
\c@lstnumber=\count329
\lst@skipnumbers=\count330
\lst@framebox=\box85
)
("C:/Users/torbe/AppData/Local/Programs/MiKTeX 2.9/tex/latex/listings/listings.
cfg"
File: listings.cfg 2020/03/24 1.8d listings configuration
))
Package: listings 2020/03/24 1.8d (Carsten Heinz)
)
luaotfload | cache : Lookup cache loaded from C:/Users/torbe/AppData/Local/MiKTe
X/2.9/luatex-cache/generic/names/luaotfload-lookup-cache.luc.
luaotfload | aux : font no 24 (nil) does not define feature smcp for script latn
 with language dflt
luaotfload | aux : font no 25 (nil) does not define feature smcp for script latn
 with language dflt
luaotfload | aux : font no 26 (nil) does not define feature smcp for script latn
 with language dflt
luaotfload | aux : font no 27 (nil) does not define feature smcp for script latn
 with language dflt

Package fontspec Info: Font family 'LatinModernMonoLight(0)' created for font
(fontspec)             'Latin Modern Mono Light' with options
(fontspec)             [WordSpace={1,0,0},HyphenChar=None,PunctuationSpace=Word
Space].
(fontspec)              
(fontspec)              This font family consists of the following NFSS
(fontspec)             series/shapes:
(fontspec)              
(fontspec)             - 'normal' (m/n) with NFSS spec.:
(fontspec)             <->"LatinModernMonoLight:mode=node;script=latn;language=
dflt;"
(fontspec)             - 'small caps'  (m/sc) with NFSS spec.: 
(fontspec)             and font adjustment code:
(fontspec)             \fontdimen 2\font =1\fontdimen 2\font \fontdimen 3\font
(fontspec)             =0\fontdimen 3\font \fontdimen 4\font =0\fontdimen
(fontspec)             4\font \fontdimen 7\font =0\fontdimen 2\font
(fontspec)             \tex_hyphenchar:D \font =-1\scan_stop: 
(fontspec)             - 'bold' (b/n) with NFSS spec.:
(fontspec)             <->"LatinModernMonoLight/B:mode=node;script=latn;languag
e=dflt;"
(fontspec)             - 'bold small caps'  (b/sc) with NFSS spec.: 
(fontspec)             and font adjustment code:
(fontspec)             \fontdimen 2\font =1\fontdimen 2\font \fontdimen 3\font
(fontspec)             =0\fontdimen 3\font \fontdimen 4\font =0\fontdimen
(fontspec)             4\font \fontdimen 7\font =0\fontdimen 2\font
(fontspec)             \tex_hyphenchar:D \font =-1\scan_stop: 
(fontspec)             - 'italic' (m/it) with NFSS spec.:
(fontspec)             <->"LatinModernMonoLight/I:mode=node;script=latn;languag
e=dflt;"
(fontspec)             - 'italic small caps'  (m/scit) with NFSS spec.: 
(fontspec)             and font adjustment code:
(fontspec)             \fontdimen 2\font =1\fontdimen 2\font \fontdimen 3\font
(fontspec)             =0\fontdimen 3\font \fontdimen 4\font =0\fontdimen
(fontspec)             4\font \fontdimen 7\font =0\fontdimen 2\font
(fontspec)             \tex_hyphenchar:D \font =-1\scan_stop: 
(fontspec)             - 'bold italic' (b/it) with NFSS spec.:
(fontspec)             <->"LatinModernMonoLight/BI:mode=node;script=latn;langua
ge=dflt;"
(fontspec)             - 'bold italic small caps'  (b/scit) with NFSS spec.: 
(fontspec)             and font adjustment code:
(fontspec)             \fontdimen 2\font =1\fontdimen 2\font \fontdimen 3\font
(fontspec)             =0\fontdimen 3\font \fontdimen 4\font =0\fontdimen
(fontspec)             4\font \fontdimen 7\font =0\fontdimen 2\font
(fontspec)             \tex_hyphenchar:D \font =-1\scan_stop: 

luaotfload | aux : font no 34 (nil) does not define feature smcp for script latn
 with language dflt
luaotfload | aux : font no 35 (nil) does not define feature smcp for script latn
 with language dflt
luaotfload | aux : font no 36 (nil) does not define feature smcp for script latn
 with language dflt
luaotfload | aux : font no 37 (nil) does not define feature smcp for script latn
 with language dflt

Package fontspec Info: Font family 'LatinModernMonoPropLight(0)' created for
(fontspec)             font 'Latin Modern Mono Prop Light' with options [].
(fontspec)              
(fontspec)              This font family consists of the following NFSS
(fontspec)             series/shapes:
(fontspec)              
(fontspec)             - 'normal' (m/n) with NFSS spec.:
(fontspec)             <->"LatinModernMonoPropLight:mode=node;script=latn;langu
age=dflt;"
(fontspec)             - 'small caps'  (m/sc) with NFSS spec.: 
(fontspec)             - 'bold' (b/n) with NFSS spec.:
(fontspec)             <->"LatinModernMonoPropLight/B:mode=node;script=latn;lan
guage=dflt;"
(fontspec)             - 'bold small caps'  (b/sc) with NFSS spec.: 
(fontspec)             - 'italic' (m/it) with NFSS spec.:
(fontspec)             <->"LatinModernMonoPropLight/I:mode=node;script=latn;lan
guage=dflt;"
(fontspec)             - 'italic small caps'  (m/scit) with NFSS spec.: 
(fontspec)             - 'bold italic' (b/it) with NFSS spec.:
(fontspec)             <->"LatinModernMonoPropLight/BI:mode=node;script=latn;la
nguage=dflt;"
(fontspec)             - 'bold italic small caps'  (b/scit) with NFSS spec.: 


("C:/Users/torbe/AppData/Local/Programs/MiKTeX 2.9/tex/latex/biblatex/biblatex.
sty"
Package: biblatex 2022/02/02 v3.17 programmable bibliographies (PK/MW)

("C:/Users/torbe/AppData/Local/Programs/MiKTeX 2.9/tex/latex/logreq/logreq.sty"
Package: logreq 2010/08/04 v1.0 xml request logger
\lrq@indent=\count331
("C:/Users/torbe/AppData/Local/Programs/MiKTeX 2.9/tex/latex/logreq/logreq.def"
File: logreq.def 2010/08/04 v1.0 logreq spec v1.0
)) ("C:/Users/torbe/AppData/Local/Programs/MiKTeX 2.9/tex/latex/base/ifthen.sty
"
Package: ifthen 2020/11/24 v1.1c Standard LaTeX ifthen package (DPC)
)
\c@tabx@nest=\count332
\c@listtotal=\count333
\c@listcount=\count334
\c@liststart=\count335
\c@liststop=\count336
\c@citecount=\count337
\c@citetotal=\count338
\c@multicitecount=\count339
\c@multicitetotal=\count340
\c@instcount=\count341
\c@maxnames=\count342
\c@minnames=\count343
\c@maxitems=\count344
\c@minitems=\count345
\c@citecounter=\count346
\c@maxcitecounter=\count347
\c@savedcitecounter=\count348
\c@uniquelist=\count349
\c@uniquename=\count350
\c@refsection=\count351
\c@refsegment=\count352
\c@maxextratitle=\count353
\c@maxextratitleyear=\count354
\c@maxextraname=\count355
\c@maxextradate=\count356
\c@maxextraalpha=\count357
\c@abbrvpenalty=\count358
\c@highnamepenalty=\count359
\c@lownamepenalty=\count360
\c@maxparens=\count361
\c@parenlevel=\count362
\blx@tempcnta=\count363
\blx@tempcntb=\count364
\blx@tempcntc=\count365
\c@blx@maxsection=\count366
\c@blx@maxsegment@0=\count367
\blx@notetype=\count368
\blx@parenlevel@text=\count369
\blx@parenlevel@foot=\count370
\c@blx@sectionciteorder@0=\count371
\blx@entrysetcounter=\count372
\blx@biblioinstance=\count373
\labelnumberwidth=\skip58
\labelalphawidth=\skip59
\biblabelsep=\skip60
\bibitemsep=\skip61
\bibnamesep=\skip62
\bibinitsep=\skip63
\bibparsep=\skip64
\bibhang=\skip65
\blx@bcfin=\read4
\blx@bcfout=\write4
\blx@langwohyphens=\language80
\c@mincomprange=\count374
\c@maxcomprange=\count375
\c@mincompwidth=\count376
Package biblatex Info: Trying to load biblatex default data model...
Package biblatex Info: ... file 'blx-dm.def' found.

("C:/Users/torbe/AppData/Local/Programs/MiKTeX 2.9/tex/latex/biblatex/blx-dm.de
f"
File: blx-dm.def 2022/02/02 v3.17 biblatex localization (PK/MW)
)
Package biblatex Info: Trying to load biblatex style data model...
Package biblatex Info: ... file 'authoryear.dbx' not found.
Package biblatex Info: Trying to load biblatex custom data model...
Package biblatex Info: ... file 'biblatex-dm.cfg' not found.
\c@afterword=\count377
\c@savedafterword=\count378
\c@annotator=\count379
\c@savedannotator=\count380
\c@author=\count381
\c@savedauthor=\count382
\c@bookauthor=\count383
\c@savedbookauthor=\count384
\c@commentator=\count385
\c@savedcommentator=\count386
\c@editor=\count387
\c@savededitor=\count388
\c@editora=\count389
\c@savededitora=\count390
\c@editorb=\count391
\c@savededitorb=\count392
\c@editorc=\count393
\c@savededitorc=\count394
\c@foreword=\count395
\c@savedforeword=\count396
\c@holder=\count397
\c@savedholder=\count398
\c@introduction=\count399
\c@savedintroduction=\count400
\c@namea=\count401
\c@savednamea=\count402
\c@nameb=\count403
\c@savednameb=\count404
\c@namec=\count405
\c@savednamec=\count406
\c@translator=\count407
\c@savedtranslator=\count408
\c@shortauthor=\count409
\c@savedshortauthor=\count410
\c@shorteditor=\count411
\c@savedshorteditor=\count412
\c@labelname=\count413
\c@savedlabelname=\count414
\c@institution=\count415
\c@savedinstitution=\count416
\c@lista=\count417
\c@savedlista=\count418
\c@listb=\count419
\c@savedlistb=\count420
\c@listc=\count421
\c@savedlistc=\count422
\c@listd=\count423
\c@savedlistd=\count424
\c@liste=\count425
\c@savedliste=\count426
\c@listf=\count427
\c@savedlistf=\count428
\c@location=\count429
\c@savedlocation=\count430
\c@organization=\count431
\c@savedorganization=\count432
\c@origlocation=\count433
\c@savedoriglocation=\count434
\c@origpublisher=\count435
\c@savedorigpublisher=\count436
\c@publisher=\count437
\c@savedpublisher=\count438
\c@language=\count439
\c@savedlanguage=\count440
\c@origlanguage=\count441
\c@savedoriglanguage=\count442
\c@pageref=\count443
\c@savedpageref=\count444
\shorthandwidth=\skip66
\shortjournalwidth=\skip67
\shortserieswidth=\skip68
\shorttitlewidth=\skip69
\shortauthorwidth=\skip70
\shorteditorwidth=\skip71
\locallabelnumberwidth=\skip72
\locallabelalphawidth=\skip73
\localshorthandwidth=\skip74
\localshortjournalwidth=\skip75
\localshortserieswidth=\skip76
\localshorttitlewidth=\skip77
\localshortauthorwidth=\skip78
\localshorteditorwidth=\skip79
Package biblatex Info: Trying to load enhanced support for Unicode engines...
Package biblatex Info: ... file 'blx-unicode.def' found.

("C:/Users/torbe/AppData/Local/Programs/MiKTeX 2.9/tex/latex/biblatex/blx-unico
de.def")
Package biblatex Info: Trying to load compatibility code...
Package biblatex Info: ... file 'blx-compat.def' found.

("C:/Users/torbe/AppData/Local/Programs/MiKTeX 2.9/tex/latex/biblatex/blx-compa
t.def"
File: blx-compat.def 2022/02/02 v3.17 biblatex compatibility (PK/MW)
)
Package biblatex Info: Trying to load BibTeX backend compatibility...
Package biblatex Info: ... file 'blx-bibtex.def' found.

("C:/Users/torbe/AppData/Local/Programs/MiKTeX 2.9/tex/latex/biblatex/blx-bibte
x.def"
File: blx-bibtex.def 2022/02/02 v3.17 biblatex compatibility (PK/MW)


Package biblatex Warning: Using fall-back BibTeX(8) backend:
(biblatex)                functionality may be reduced/unavailable.

)
Package biblatex Info: Trying to load generic definitions...
Package biblatex Info: ... file 'biblatex.def' found.

("C:/Users/torbe/AppData/Local/Programs/MiKTeX 2.9/tex/latex/biblatex/biblatex.
def"
File: biblatex.def 2022/02/02 v3.17 biblatex compatibility (PK/MW)
\c@textcitecount=\count445
\c@textcitetotal=\count446
\c@textcitemaxnames=\count447
\c@biburlbigbreakpenalty=\count448
\c@biburlbreakpenalty=\count449
\c@biburlnumpenalty=\count450
\c@biburlucpenalty=\count451
\c@biburllcpenalty=\count452
\biburlbigskip=\muskip18
\biburlnumskip=\muskip19
\biburlucskip=\muskip20
\biburllcskip=\muskip21
\c@smartand=\count453
)
Package biblatex Info: Trying to load bibliography style 'authoryear'...
Package biblatex Info: ... file 'authoryear.bbx' found.

("C:/Users/torbe/AppData/Local/Programs/MiKTeX 2.9/tex/latex/biblatex/bbx/autho
ryear.bbx"
File: authoryear.bbx 2022/02/02 v3.17 biblatex bibliography style (PK/MW)
Package biblatex Info: Trying to load bibliography style 'standard'...
Package biblatex Info: ... file 'standard.bbx' found.

("C:/Users/torbe/AppData/Local/Programs/MiKTeX 2.9/tex/latex/biblatex/bbx/stand
ard.bbx"
File: standard.bbx 2022/02/02 v3.17 biblatex bibliography style (PK/MW)
\c@bbx:relatedcount=\count454
\c@bbx:relatedtotal=\count455
))
Package biblatex Info: Trying to load citation style 'authoryear'...
Package biblatex Info: ... file 'authoryear.cbx' found.

("C:/Users/torbe/AppData/Local/Programs/MiKTeX 2.9/tex/latex/biblatex/cbx/autho
ryear.cbx"
File: authoryear.cbx 2022/02/02 v3.17 biblatex citation style (PK/MW)
Package biblatex Info: Redefining '\cite'.
Package biblatex Info: Redefining '\parencite'.
Package biblatex Info: Redefining '\footcite'.
Package biblatex Info: Redefining '\footcitetext'.
Package biblatex Info: Redefining '\smartcite'.
Package biblatex Info: Redefining '\textcite'.
Package biblatex Info: Redefining '\textcites'.
)
Package biblatex Info: Trying to load configuration file...
Package biblatex Info: ... file 'biblatex.cfg' found.

("C:/Users/torbe/AppData/Local/Programs/MiKTeX 2.9/tex/latex/biblatex/biblatex.
cfg"
File: biblatex.cfg 
)

Package biblatex Warning: 'firstinits' option is deprecated.
(biblatex)                Please use 'giveninits' instead.

Package biblatex Info: LuaTeX detected.
(biblatex)             Assuming input encoding 'utf8'.
Package biblatex Info: Document encoding is UTF8 ....
Package biblatex Info: ... and expl3
(biblatex)             2022-02-24 L3 programming layer (loader) 
(biblatex)             is new enough (at least 2020/04/06),
(biblatex)             setting 'casechanger=expl3'.

("C:/Users/torbe/AppData/Local/Programs/MiKTeX 2.9/tex/latex/biblatex/blx-case-
expl3.sty"
Package: blx-case-expl3 2022/02/02 v3.17 expl3 case changing code for biblatex
))
Package biblatex Info: Redefining '\cite' on input line 31.

("C:/Users/torbe/AppData/Local/Programs/MiKTeX 2.9/tex/latex/textgreek/textgree
k.sty"
Package: textgreek 2011/10/09 v0.7 Greek symbols in text
Package textgreek Info: Loading the definitions for the Greek fontencoding. on 
input line 39.

("C:/Users/torbe/AppData/Local/Programs/MiKTeX 2.9/tex/latex/greek-fontenc/lgre
nc.def"
File: lgrenc.def 2020/10/13 2.0 LGR Greek font encoding definitions

("C:/Users/torbe/AppData/Local/Programs/MiKTeX 2.9/tex/latex/greek-fontenc/gree
k-fontenc.def"
File: greek-fontenc.def 2020/10/30 2.0 Common Greek font encoding definitions
))
Package textgreek Info: Loaded fontmap: {eur/*/*}{U/eur/*/*} {phv/*/*}{U/psy/*/
*}. on input line 69.
)
("C:/Users/torbe/AppData/Local/Programs/MiKTeX 2.9/tex/latex/siunitx/siunitx.st
y"
Package: siunitx 2022-02-15 v3.0.49 A comprehensive (SI) units package
\l__siunitx_angle_tmp_dim=\dimen288
\l__siunitx_angle_marker_box=\box86
\l__siunitx_angle_unit_box=\box87
\l__siunitx_compound_count_int=\count456

("C:/Users/torbe/AppData/Local/Programs/MiKTeX 2.9/tex/latex/translations/trans
lations.sty"
Package: translations 2022/02/05 v1.12 internationalization of LaTeX2e packages
 (CN)
)
\l__siunitx_number_exponent_fixed_int=\count457
\l__siunitx_number_min_decimal_int=\count458
\l__siunitx_number_min_integer_int=\count459
\l__siunitx_number_round_precision_int=\count460
\l__siunitx_number_group_minimum_int=\count461
\l__siunitx_table_tmp_box=\box88
\l__siunitx_table_tmp_dim=\dimen289
\l__siunitx_table_column_width_dim=\dimen290
\l__siunitx_table_integer_box=\box89
\l__siunitx_table_decimal_box=\box90
\l__siunitx_table_before_box=\box91
\l__siunitx_table_after_box=\box92
\l__siunitx_table_before_dim=\dimen291
\l__siunitx_table_carry_dim=\dimen292
\l__siunitx_unit_tmp_int=\count462
\l__siunitx_unit_position_int=\count463
\l__siunitx_unit_total_int=\count464

("C:/Users/torbe/AppData/Local/Programs/MiKTeX 2.9/tex/latex/l3packages/l3keys2
e/l3keys2e.sty"
Package: l3keys2e 2022-01-12 LaTeX2e option processing using LaTeX3 keys
)
("C:/Users/torbe/AppData/Local/Programs/MiKTeX 2.9/tex/latex/tools/array.sty"
Package: array 2021/10/04 v2.5f Tabular extension package (FMi)
\col@sep=\dimen293
\ar@mcellbox=\box93
\extrarowheight=\dimen294
\NC@list=\toks44
\extratabsurround=\skip80
\backup@length=\skip81
\ar@cellbox=\box94
))
("C:/Users/torbe/AppData/Local/Programs/MiKTeX 2.9/tex/latex/multirow/multirow.
sty"
Package: multirow 2021/03/15 v2.8 Span multiple rows of a table
\multirow@colwidth=\skip82
\multirow@cntb=\count465
\multirow@dima=\skip83
\bigstrutjot=\dimen295
)
("C:/Users/torbe/AppData/Local/Programs/MiKTeX 2.9/tex/latex/tools/enumerate.st
y"
Package: enumerate 2015/07/23 v3.00 enumerate extensions (DPC)
\@enLab=\toks45
)
("C:/Users/torbe/AppData/Local/Programs/MiKTeX 2.9/tex/latex/acronym/acronym.st
y"
Package: acronym 2020/04/17 v1.47 Support for acronyms (Tobias Oetiker)

("C:/Users/torbe/AppData/Local/Programs/MiKTeX 2.9/tex/latex/bigfoot/suffix.sty
"
Package: suffix 2006/07/15 1.5a Variant command support
)
("C:/Users/torbe/AppData/Local/Programs/MiKTeX 2.9/tex/latex/xstring/xstring.st
y"
("C:/Users/torbe/AppData/Local/Programs/MiKTeX 2.9/tex/generic/xstring/xstring.
tex"
\integerpart=\count466
\decimalpart=\count467
)
Package: xstring 2021/07/21 v1.84 String manipulations (CT)
)
\AC@clearlist=\toks46
)
("C:/Users/torbe/AppData/Local/Programs/MiKTeX 2.9/tex/latex/threeparttable/thr
eeparttable.sty"
Package: threeparttable 2003/06/13  v 3.0
\@tempboxb=\box95
)
("C:/Users/torbe/AppData/Local/Programs/MiKTeX 2.9/tex/latex/layouts/layouts.st
y"
Package: layouts 2009/09/02 v2.6d graphical depiction of document elements
\l@ylen=\skip84
\layoutsbox=\box96
\l@youtunitlength=\skip85
\l@youtlinethick=\skip86
\l@youtlinethickii=\skip87
\l@ysetupparskip=\skip88
\l@ysetupbaselineskip=\skip89
\l@yonem=\skip90
\l@yonex=\skip91
\l@ylmarg=\skip92
\l@yrmarg=\skip93
\l@yitmindent=\skip94
\l@ylblwidth=\skip95
\l@ylblsep=\skip96
\l@ylparindent=\skip97
\l@ytsep=\skip98
\l@ypskip=\skip99
\l@yptsep=\skip100
\l@ypsep=\skip101
\l@yitmsep=\skip102
\l@ytok=\toks47
\l@youtpw=\count468
\l@youtph=\count469
\l@youthpi=\count470
\l@youthpii=\count471
\l@youthpiii=\count472
\l@youthpiv=\count473
\l@youthpv=\count474
\l@youthpvi=\count475
\l@youthpvii=\count476
\l@youtparskip=\count477
\l@youtvpi=\count478
\l@youtvpii=\count479
\l@youtvpiii=\count480
\l@youtvpiv=\count481
\l@youtvpv=\count482
\l@youtvpvi=\count483
\l@youtvpvii=\count484
\l@youthdo=\count485
\l@youthdi=\count486
\l@youthdii=\count487
\l@youthdiii=\count488
\l@youthdiv=\count489
\l@youthdv=\count490
\l@youthdvi=\count491
\l@youthdvii=\count492
\l@youtvdo=\count493
\l@youtvdi=\count494
\l@youtvdii=\count495
\l@youtvdiii=\count496
\l@youtvdiv=\count497
\l@youtvdv=\count498
\l@youtvdvi=\count499
\l@youtvdvii=\count500
\l@youtvdviii=\count501
\l@youtxci=\count502
\l@youtxcii=\count503
\l@youtxciii=\count504
\l@youtxciv=\count505
\l@youtxcv=\count506
\l@youtxcvi=\count507
\l@youtyci=\count508
\l@youtycii=\count509
\l@youtyciii=\count510
\l@youtyciv=\count511
\l@youtycv=\count512
\l@youtycvi=\count513
\l@youtycvii=\count514
\l@youtycviii=\count515
\l@youtxco=\count516
\l@youtyco=\count517
\l@ytempdima=\skip103
\stockwidth=\skip104
\stockheight=\skip105
\trimedge=\skip106
\trimtop=\skip107
\uppermargin=\skip108
\spinemargin=\skip109
)
("C:/Users/torbe/AppData/Local/Programs/MiKTeX 2.9/tex/latex/oberdiek/hypcap.st
y"
Package: hypcap 2016/05/16 v1.12 Adjusting the anchors of captions (HO)
)
\captionwidth=\skip110
Package csquotes Info: Checking for multilingual support...
Package csquotes Info: ... found 'babel' package.
Package csquotes Info: Adjusting default style.
Package csquotes Info: Redefining alias 'default' -> 'english'.
 (./Masterthesis_first_try.aux

LaTeX Warning: Label `sec:haosms' multiply defined.


LaTeX Warning: Label `sec:chemicals' multiply defined.


LaTeX Warning: Label `sec:kits' multiply defined.


LaTeX Warning: Label `fig:energy_profile' multiply defined.


LaTeX Warning: Label `fig:qPCR' multiply defined.


LaTeX Warning: Label `fig:qPCR' multiply defined.


LaTeX Warning: Label `fig:qPCR' multiply defined.


LaTeX Warning: Label `fig:qPCR' multiply defined.


LaTeX Warning: Label `fig:qPCR' multiply defined.

)
\openout1 = Masterthesis_first_try.aux

LaTeX Font Info:    Checking defaults for OML/cmm/m/it on input line 73.
LaTeX Font Info:    ... okay on input line 73.
LaTeX Font Info:    Checking defaults for OMS/cmsy/m/n on input line 73.
LaTeX Font Info:    ... okay on input line 73.
LaTeX Font Info:    Checking defaults for OT1/cmr/m/n on input line 73.
LaTeX Font Info:    ... okay on input line 73.
LaTeX Font Info:    Checking defaults for T1/cmr/m/n on input line 73.
LaTeX Font Info:    ... okay on input line 73.
LaTeX Font Info:    Checking defaults for TS1/cmr/m/n on input line 73.
LaTeX Font Info:    Trying to load font information for TS1+cmr on input line 7
3.
 ("C:/Users/torbe/AppData/Local/Programs/MiKTeX 2.9/tex/latex/base/ts1cmr.fd"
File: ts1cmr.fd 2019/12/16 v2.5j Standard LaTeX font definitions
)
LaTeX Font Info:    ... okay on input line 73.
LaTeX Font Info:    Checking defaults for TU/lmr/m/n on input line 73.
LaTeX Font Info:    ... okay on input line 73.
LaTeX Font Info:    Checking defaults for OMX/cmex/m/n on input line 73.
LaTeX Font Info:    ... okay on input line 73.
LaTeX Font Info:    Checking defaults for U/cmr/m/n on input line 73.
LaTeX Font Info:    ... okay on input line 73.
LaTeX Font Info:    Checking defaults for PD1/pdf/m/n on input line 73.
LaTeX Font Info:    ... okay on input line 73.
LaTeX Font Info:    Checking defaults for PU/pdf/m/n on input line 73.
LaTeX Font Info:    ... okay on input line 73.
LaTeX Font Info:    Checking defaults for LGR/cmr/m/n on input line 73.
LaTeX Font Info:    Trying to load font information for LGR+cmr on input line 7
3.

("C:/Users/torbe/AppData/Local/Programs/MiKTeX 2.9/tex/latex/cbfonts-fd/lgrcmr.
fd"
File: lgrcmr.fd 2017/07/29 v1.2 Greek European Computer Regular
)
LaTeX Font Info:    ... okay on input line 73.

("C:/Users/torbe/AppData/Local/Programs/MiKTeX 2.9/tex/context/base/mkii/supp-p
df.mkii"
[Loading MPS to PDF converter (version 2006.09.02).]
\scratchcounter=\count518
\scratchdimen=\dimen296
\scratchbox=\box97
\nofMPsegments=\count519
\nofMParguments=\count520
\everyMPshowfont=\toks48
\MPscratchCnt=\count521
\MPscratchDim=\dimen297
\MPnumerator=\count522
\makeMPintoPDFobject=\count523
\everyMPtoPDFconversion=\toks49
)
("C:/Users/torbe/AppData/Local/Programs/MiKTeX 2.9/tex/latex/epstopdf-pkg/epsto
pdf-base.sty"
Package: epstopdf-base 2020-01-24 v2.11 Base part for package epstopdf
Package epstopdf-base Info: Redefining graphics rule for `.eps' on input line 4
85.

("C:/Users/torbe/AppData/Local/Programs/MiKTeX 2.9/tex/latex/00miktex/epstopdf-
sys.cfg"
File: epstopdf-sys.cfg 2021/03/18 v2.0 Configuration of epstopdf for MiKTeX
))
*geometry* driver: auto-detecting
*geometry* detected driver: luatex
*geometry* verbose mode - [ preamble ] result:
* driver: luatex
* paper: a4paper
* layout: <same size as paper>
* layoutoffset:(h,v)=(0.0pt,0.0pt)
* modes: 
* h-part:(L,W,R)=(85.35826pt, 426.79135pt, 85.35826pt)
* v-part:(T,H,B)=(85.35826pt, 652.99075pt, 106.69783pt)
* \paperwidth=597.50787pt
* \paperheight=845.04684pt
* \textwidth=426.79135pt
* \textheight=652.99075pt
* \oddsidemargin=13.08827pt
* \evensidemargin=13.08827pt
* \topmargin=-27.36447pt
* \headheight=12.0pt
* \headsep=28.45274pt
* \topskip=11.0pt
* \footskip=42.67912pt
* \marginparwidth=0.0pt
* \marginparsep=0.0pt
* \columnsep=10.0pt
* \skip\footins=10.0pt plus 4.0pt minus 2.0pt
* \hoffset=0.0pt
* \voffset=0.0pt
* \mag=1000
* \@twocolumnfalse
* \@twosidefalse
* \@mparswitchfalse
* \@reversemarginfalse
* (1in=72.27pt=25.4mm, 1cm=28.453pt)


Package fontspec Info: Adjusting the maths setup (use [no-math] to avoid
(fontspec)             this).

\symlegacymaths=\mathgroup6
LaTeX Font Info:    Overwriting symbol font `legacymaths' in version `bold'
(Font)                  OT1/cmr/m/n --> OT1/cmr/bx/n on input line 73.
LaTeX Font Info:    Redeclaring math accent \acute on input line 73.
LaTeX Font Info:    Redeclaring math accent \grave on input line 73.
LaTeX Font Info:    Redeclaring math accent \ddot on input line 73.
LaTeX Font Info:    Redeclaring math accent \tilde on input line 73.
LaTeX Font Info:    Redeclaring math accent \bar on input line 73.
LaTeX Font Info:    Redeclaring math accent \breve on input line 73.
LaTeX Font Info:    Redeclaring math accent \check on input line 73.
LaTeX Font Info:    Redeclaring math accent \hat on input line 73.
LaTeX Font Info:    Redeclaring math accent \dot on input line 73.
LaTeX Font Info:    Redeclaring math accent \mathring on input line 73.
LaTeX Font Info:    Redeclaring math symbol \Gamma on input line 73.
LaTeX Font Info:    Redeclaring math symbol \Delta on input line 73.
LaTeX Font Info:    Redeclaring math symbol \Theta on input line 73.
LaTeX Font Info:    Redeclaring math symbol \Lambda on input line 73.
LaTeX Font Info:    Redeclaring math symbol \Xi on input line 73.
LaTeX Font Info:    Redeclaring math symbol \Pi on input line 73.
LaTeX Font Info:    Redeclaring math symbol \Sigma on input line 73.
LaTeX Font Info:    Redeclaring math symbol \Upsilon on input line 73.
LaTeX Font Info:    Redeclaring math symbol \Phi on input line 73.
LaTeX Font Info:    Redeclaring math symbol \Psi on input line 73.
LaTeX Font Info:    Redeclaring math symbol \Omega on input line 73.
LaTeX Font Info:    Redeclaring math symbol \mathdollar on input line 73.
LaTeX Font Info:    Redeclaring symbol font `operators' on input line 73.
LaTeX Font Info:    Encoding `OT1' has changed to `TU' for symbol font
(Font)              `operators' in the math version `normal' on input line 73.
LaTeX Font Info:    Overwriting symbol font `operators' in version `normal'
(Font)                  OT1/cmr/m/n --> TU/lmr/m/n on input line 73.
LaTeX Font Info:    Encoding `OT1' has changed to `TU' for symbol font
(Font)              `operators' in the math version `bold' on input line 73.
LaTeX Font Info:    Overwriting symbol font `operators' in version `bold'
(Font)                  OT1/cmr/bx/n --> TU/lmr/m/n on input line 73.
LaTeX Font Info:    Overwriting symbol font `operators' in version `normal'
(Font)                  TU/lmr/m/n --> TU/lmr/m/n on input line 73.
LaTeX Font Info:    Overwriting math alphabet `\mathit' in version `normal'
(Font)                  OT1/cmr/m/it --> TU/lmr/m/it on input line 73.
LaTeX Font Info:    Overwriting math alphabet `\mathbf' in version `normal'
(Font)                  OT1/cmr/bx/n --> TU/lmr/b/n on input line 73.
LaTeX Font Info:    Overwriting math alphabet `\mathsf' in version `normal'
(Font)                  OT1/cmss/m/n --> TU/lmss/m/n on input line 73.
LaTeX Font Info:    Overwriting math alphabet `\mathtt' in version `normal'
(Font)                  OT1/cmtt/m/n --> TU/LatinModernMonoLight(0)/m/n on inpu
t line 73.
LaTeX Font Info:    Overwriting symbol font `operators' in version `bold'
(Font)                  TU/lmr/m/n --> TU/lmr/b/n on input line 73.
LaTeX Font Info:    Overwriting math alphabet `\mathit' in version `bold'
(Font)                  OT1/cmr/bx/it --> TU/lmr/b/it on input line 73.
LaTeX Font Info:    Overwriting math alphabet `\mathsf' in version `bold'
(Font)                  OT1/cmss/bx/n --> TU/lmss/b/n on input line 73.
LaTeX Font Info:    Overwriting math alphabet `\mathtt' in version `bold'
(Font)                  OT1/cmtt/m/n --> TU/LatinModernMonoLight(0)/b/n on inpu
t line 73.

Package hyperref Warning: Height of page (\stockheight) is invalid (0.0pt),
(hyperref)                using 11in.

Package hyperref Info: Link coloring OFF on input line 73.

("C:/Users/torbe/AppData/Local/Programs/MiKTeX 2.9/tex/latex/hyperref/nameref.s
ty"
Package: nameref 2021-04-02 v2.47 Cross-referencing by name of section

("C:/Users/torbe/AppData/Local/Programs/MiKTeX 2.9/tex/latex/refcount/refcount.
sty"
Package: refcount 2019/12/15 v3.6 Data extraction from label references (HO)
)
("C:/Users/torbe/AppData/Local/Programs/MiKTeX 2.9/tex/generic/gettitlestring/g
ettitlestring.sty"
Package: gettitlestring 2019/12/15 v1.6 Cleanup title references (HO)
)
\c@section@level=\count524
LaTeX Info: Redefining \Ref on input line 520.
)
LaTeX Info: Redefining \ref on input line 73.
LaTeX Info: Redefining \pageref on input line 73.
LaTeX Info: Redefining \nameref on input line 73.
 (./Masterthesis_first_try.out)
(./Masterthesis_first_try.out)
\@outlinefile=\write5

\openout5 = Masterthesis_first_try.out
LaTeX Info: Redefining \Ref on input line 73.
\c@lstlisting=\count525
Package biblatex Info: Trying to load language 'english'...
Package biblatex Info: ... file 'english.lbx' found.

("C:/Users/torbe/AppData/Local/Programs/MiKTeX 2.9/tex/latex/biblatex/lbx/engli
sh.lbx"
File: english.lbx 2022/02/02 v3.17 biblatex localization (PK/MW)
)
Package biblatex Info: Trying to load language 'german'...
Package biblatex Info: ... file 'german.lbx' found.

("C:/Users/torbe/AppData/Local/Programs/MiKTeX 2.9/tex/latex/biblatex/lbx/germa
n.lbx"
File: german.lbx 2022/02/02 v3.17 biblatex localization (PK/MW)
)
Package biblatex Info: LuaTeX detected.
(biblatex)             Assuming input encoding 'utf8'.
Package biblatex Info: Automatic encoding selection.
(biblatex)             Assuming data encoding 'utf8'.
Package biblatex Info: LuaTeX detected.
(biblatex)             Assuming input encoding 'utf8'.
Package biblatex Info: Data encoding 'utf8' specified.
(biblatex)             No need to reencode data.

\openout4 = Masterthesis_first_try-blx.bib
Package biblatex Info: Trying to load bibliographic data...
Package biblatex Info: ... file 'Masterthesis_first_try.bbl' not found.

No file Masterthesis_first_try.bbl.
Package biblatex Info: Reference section=0 on input line 73.
Package biblatex Info: Reference segment=0 on input line 73.

("C:/Users/torbe/AppData/Local/Programs/MiKTeX 2.9/tex/latex/translations/dicts
/translations-basic-dictionary-english.trsl"
File: translations-basic-dictionary-english.trsl (english translation file `tra
nslations-basic-dictionary')
)
Package translations Info: loading dictionary `translations-basic-dictionary' f
or `english'. on input line 73.

("C:/Users/torbe/AppData/Local/Programs/MiKTeX 2.9/tex/latex/translations/dicts
/translations-basic-dictionary-german.trsl"
File: translations-basic-dictionary-german.trsl (german translation file `trans
lations-basic-dictionary')
)
Package translations Info: loading dictionary `translations-basic-dictionary' f
or `german'. on input line 73.


Package layouts Warning: Layout scale set to 0.5 on input line 73.


warning  (file C:/Users/torbe/OneDrive/Dokumente/Uni/Masterarbeit/Thesis/Abbildu
ng//Logo-Institut-fuer-Kardiogenetik.pdf) (pdf inclusion): PDF inclusion: found 
PDF version '1.7', but at most version '1.5' allowed
<C:/Users/torbe/OneDrive/Dokumente/Uni/Masterarbeit/Thesis/Abbildung//Logo-Inst
itut-fuer-Kardiogenetik.pdf, id=134, 264.99pt x 61.6704pt>
File: C:/Users/torbe/OneDrive/Dokumente/Uni/Masterarbeit/Thesis/Abbildung//Logo
-Institut-fuer-Kardiogenetik.pdf Graphic file (type pdf)
<use C:/Users/torbe/OneDrive/Dokumente/Uni/Masterarbeit/Thesis/Abbildung//Logo-
Institut-fuer-Kardiogenetik.pdf>
Package luatex.def Info: C:/Users/torbe/OneDrive/Dokumente/Uni/Masterarbeit/The
sis/Abbildung//Logo-Institut-fuer-Kardiogenetik.pdf  used on input line 73.
(luatex.def)             Requested size: 264.98935pt x 61.67023pt.
<uzl-thesis-logo-slogan.pdf, id=135, 142.26349pt x 11.38112pt>
File: uzl-thesis-logo-slogan.pdf Graphic file (type pdf)
<use uzl-thesis-logo-slogan.pdf>
Package luatex.def Info: uzl-thesis-logo-slogan.pdf  used on input line 73.
(luatex.def)             Requested size: 142.26312pt x 11.38107pt.
[1

{C:/Users/torbe/AppData/Local/MiKTeX/2.9/fonts/map/pdftex/pdftex.map}<C:/Users/t
orbe/OneDrive/Dokumente/Uni/Masterarbeit/Thesis/Abbildung//Logo-Institut-fuer-Ka
rdiogenetik.pdf><./uzl-thesis-logo-slogan.pdf>] [2

]
(./text_parts/zusammenfassung.tex)
LaTeX Font Info:    Calculating math sizes for size <11> on input line 73.


LaTeX Font Warning: Font shape `OML/cmm/m/it' in size <5.5> not available
(Font)              size <5> substituted on input line 73.


LaTeX Font Warning: Font shape `OMS/cmsy/m/n' in size <5.5> not available
(Font)              size <5> substituted on input line 73.

LaTeX Font Info:    Trying to load font information for U+msa on input line 73.

("C:/Users/torbe/AppData/Local/Programs/MiKTeX 2.9/tex/latex/amsfonts/umsa.fd"
File: umsa.fd 2013/01/14 v3.01 AMS symbols A
)
LaTeX Font Info:    Trying to load font information for U+msb on input line 73.

("C:/Users/torbe/AppData/Local/Programs/MiKTeX 2.9/tex/latex/amsfonts/umsb.fd"
File: umsb.fd 2013/01/14 v3.01 AMS symbols B
)

LaTeX Font Warning: Font shape `OT1/cmr/m/n' in size <5.5> not available
(Font)              size <5> substituted on input line 73.

(./text_parts/abstract.tex

LaTeX Warning: Citation 'cdcCoronaryArteryDisease2021' on page 3 undefined on i
nput line 5.


LaTeX Warning: Citation 'CoronaryHeartDisease2018' on page 3 undefined on input
 line 5.


LaTeX Warning: Citation 'lichouFunctionalStudiesGWAS2020a' on page 3 undefined 
on input line 5.


LaTeX Warning: Citation 'aragamDiscoverySystematicCharacterization2021a' on pag
e 3 undefined on input line 9.

)
Underfull \hbox (badness 10000) in paragraph at lines 9--73
 []\TU/lmr/m/n/11 Ad-di-tion-ally, I am work-ing with GWAS data on CAD 
 []


Underfull \hbox (badness 4242) in paragraph at lines 9--73
 \TU/lmr/m/n/11 ([]). Cu-rat-ing fur- 
 []

[3

] [4

] (./Masterthesis_first_try.toc [5


])
\tf@toc=\write6

\openout6 = Masterthesis_first_try.toc
 [6] (./text_parts/abbreviations.tex) [1


]
Chapter 1.
(./text_parts/intro.tex [2

]) [3]
Chapter 2.
(./text_parts/material.tex [4

]) [5]
Chapter 3.
(./text_parts/methods.tex [6

] [7] [8]) [9]
Chapter 4.
(./text_parts/results.tex (./Abbildung/qPCR_result.pgf)
(./Abbildung/seahorse_rates.pgf)
Overfull \hbox (6.82864pt too wide) in paragraph at lines 7791--30
 [][] 
 []


LaTeX Warning: Float too large for page by 24.32823pt on input line 35.


warning  (file Abbildung/seaborn_energy_profiles.pdf) (pdf inclusion): PDF inclu
sion: found PDF version '1.7', but at most version '1.5' allowed
<Abbildung/seaborn_energy_profiles.pdf, id=276, 433.62pt x 650.43pt>
File: Abbildung/seaborn_energy_profiles.pdf Graphic file (type pdf)
<use Abbildung/seaborn_energy_profiles.pdf>
Package luatex.def Info: Abbildung/seaborn_energy_profiles.pdf  used on input l
ine 40.
(luatex.def)             Requested size: 433.61894pt x 650.4284pt.

Overfull \hbox (6.82759pt too wide) in paragraph at lines 40--41
 [][] 
 []


LaTeX Warning: Float too large for page by 24.39265pt on input line 46.


warning  (file Abbildung/CellROX_initial_cond.pdf) (pdf inclusion): PDF inclusio
n: found PDF version '1.7', but at most version '1.5' allowed
<Abbildung/CellROX_initial_cond.pdf, id=277, 227.85126pt x 152.57pt>
File: Abbildung/CellROX_initial_cond.pdf Graphic file (type pdf)
<use Abbildung/CellROX_initial_cond.pdf>
Package luatex.def Info: Abbildung/CellROX_initial_cond.pdf  used on input line
 57.
(luatex.def)             Requested size: 227.8507pt x 152.56963pt.

warning  (file Abbildung/CellROX_titration_no_norm.pdf) (pdf inclusion): PDF inc
lusion: found PDF version '1.7', but at most version '1.5' allowed
<Abbildung/CellROX_titration_no_norm.pdf, id=278, 444.66125pt x 276.03125pt>
File: Abbildung/CellROX_titration_no_norm.pdf Graphic file (type pdf)
<use Abbildung/CellROX_titration_no_norm.pdf>
Package luatex.def Info: Abbildung/CellROX_titration_no_norm.pdf  used on input
 line 69.
(luatex.def)             Requested size: 444.66016pt x 276.03056pt.

Overfull \hbox (17.8688pt too wide) in paragraph at lines 69--70
 [][] 
 []


warning  (file Abbildung/CellROX_titration_norm.pdf) (pdf inclusion): PDF inclus
ion: found PDF version '1.7', but at most version '1.5' allowed
<Abbildung/CellROX_titration_norm.pdf, id=279, 444.66125pt x 276.03125pt>
File: Abbildung/CellROX_titration_norm.pdf Graphic file (type pdf)
<use Abbildung/CellROX_titration_norm.pdf>
Package luatex.def Info: Abbildung/CellROX_titration_norm.pdf  used on input li
ne 80.
(luatex.def)             Requested size: 444.66016pt x 276.03056pt.

Overfull \hbox (17.8688pt too wide) in paragraph at lines 80--81
 [][] 
 []


warning  (file Abbildung/NAC_quench.pdf) (pdf inclusion): PDF inclusion: found P
DF version '1.7', but at most version '1.5' allowed
<Abbildung/NAC_quench.pdf, id=280, 444.66125pt x 370.38374pt>
File: Abbildung/NAC_quench.pdf Graphic file (type pdf)
<use Abbildung/NAC_quench.pdf>
Package luatex.def Info: Abbildung/NAC_quench.pdf  used on input line 92.
(luatex.def)             Requested size: 444.66016pt x 370.38283pt.

Overfull \hbox (17.8688pt too wide) in paragraph at lines 92--93
 [][] 
 []


warning  (file Abbildung/db-schema.pdf) (pdf inclusion): PDF inclusion: found PD
F version '1.7', but at most version '1.5' allowed
<Abbildung/db-schema.pdf, id=281, 443.9787pt x 426.8748pt>
File: Abbildung/db-schema.pdf Graphic file (type pdf)
<use Abbildung/db-schema.pdf>
Package luatex.def Info: Abbildung/db-schema.pdf  used on input line 110.
(luatex.def)             Requested size: 443.97762pt x 426.87375pt.

Overfull \hbox (17.18626pt too wide) in paragraph at lines 110--111
 [][] 
 []

[10

] [11] [12] [13<./Abbildung/seaborn_energy_profiles.pdf>] [14<./Abbildung/CellRO
X_initial_cond.pdf><./Abbildung/CellROX_titration_no_norm.pdf>] [15<./Abbildung/
CellROX_titration_norm.pdf>] [16<./Abbildung/NAC_quench.pdf>] [17<./Abbildung/db
-schema.pdf>] (./Abbildung/enrichment_scatter.pgf)
Overfull \hbox (6.82864pt too wide) in paragraph at lines 34636--131
 [][] 
 []

) [18] [19]
Chapter 5.
(./text_parts/discussion.tex) [20

]
Chapter 6.
(./text_parts/outlook.tex)

LaTeX Info: File `Masterthesis_first_try-bibtex-entries.bib' already exists on 
the system.
            Not generating it from this source.


LaTeX Warning: Empty bibliography on input line 152.

[21

] (./Masterthesis_first_try.aux)

LaTeX Font Warning: Size substitutions with differences
(Font)              up to 0.5pt have occurred.


LaTeX Warning: There were undefined references.


LaTeX Warning: There were multiply-defined labels.

Package rerunfilecheck Info: File `Masterthesis_first_try.out' has not changed.

(rerunfilecheck)             Checksum: 893FD59EC4F54228310691FDC0FB42AC;5242.

Package biblatex Warning: Please (re)run BibTeX on the file(s):
(biblatex)                Masterthesis_first_try
(biblatex)                and rerun LaTeX afterwards.

Package logreq Info: Writing requests to 'Masterthesis_first_try.run.xml'.

\openout1 = Masterthesis_first_try.run.xml
)

Here is how much of LuaTeX's memory you used:
 43408 strings out of 477785
 477371,2848258 words of node,token memory allocated
 649 words of node memory still in use:
   7 hlist, 2 vlist, 2 rule, 5 glue, 4 kern, 1 glyph, 14 attribute, 74 glue_spec
, 9 attribute_list, 2 write nodes
   avail lists: 1:13,2:98992,3:65671,4:688,5:235,6:97,7:4649,8:69,9:1567,10:24,1
1:415
 62472 multiletter control sequences out of 65536+600000
 108 fonts using 9157847 bytes
 100i,8n,98p,1834b,2939s stack positions out of 10000i,1000n,20000p,200000b,80000s
<//?/c:/users/torbe/appdata/local/programs/miktex 2.9/fonts/opentype/public/lm/l
mroman9-regular.otf><//?/c:/users/torbe/appdata/local/programs/miktex 2.9/fonts/
opentype/public/lm/lmroman10-bolditalic.otf><//?/c:/users/torbe/appdata/local/pr
ograms/miktex 2.9/fonts/opentype/public/lm/lmroman8-regular.otf><//?/c:/users/to
rbe/appdata/local/programs/miktex 2.9/fonts/opentype/public/lm/lmroman10-regular
.otf><//?/c:/users/torbe/appdata/local/programs/miktex 2.9/fonts/opentype/public
/lm/lmroman12-regular.otf><//?/c:/users/torbe/appdata/local/programs/miktex 2.9/
fonts/opentype/public/lm/lmroman12-italic.otf><//?/c:/users/torbe/appdata/local/
programs/miktex 2.9/fonts/opentype/public/lm/lmroman12-bold.otf><C:/Users/torbe/
AppData/Local/Programs/MiKTeX 2.9/fonts/type1/public/amsfonts/cm/cmmi10.pfb><C:/
Users/torbe/AppData/Local/Programs/MiKTeX 2.9/fonts/type1/public/amsfonts/cm/cmm
i12.pfb><C:/Users/torbe/AppData/Local/Programs/MiKTeX 2.9/fonts/type1/public/ams
fonts/cm/cmmi8.pfb><C:/Users/torbe/AppData/Local/Programs/MiKTeX 2.9/fonts/type1
/public/amsfonts/cm/cmr10.pfb><C:/Users/torbe/AppData/Local/Programs/MiKTeX 2.9/
fonts/type1/public/amsfonts/cm/cmr7.pfb><C:/Users/torbe/AppData/Local/Programs/M
iKTeX 2.9/fonts/type1/public/amsfonts/cm/cmr8.pfb><C:/Users/torbe/AppData/Local/
Programs/MiKTeX 2.9/fonts/type1/public/amsfonts/cm/cmsy10.pfb><C:/Users/torbe/Ap
pData/Local/Programs/MiKTeX 2.9/fonts/type1/public/amsfonts/cm/cmsy7.pfb>
Output written on Masterthesis_first_try.pdf (27 pages, 692402 bytes).

PDF statistics: 542 PDF objects out of 1000 (max. 8388607)
 100 named destinations out of 1000 (max. 131072)
 272 words of extra memory for PDF output out of 10000 (max. 100000000)

